{"/Users/ivankarbashevskyi/Projects/Organizations/p4ck439/ts-is/__test__/all/array/state.ts": {"path":"/Users/ivankarbashevskyi/Projects/Organizations/p4ck439/ts-is/__test__/all/array/state.ts","statementMap":{"0":{"start":{"line":1,"column":13},"end":{"line":5,"column":2}},"1":{"start":{"line":7,"column":13},"end":{"line":68,"column":2}},"2":{"start":{"line":70,"column":13},"end":{"line":77,"column":3}},"3":{"start":{"line":71,"column":4},"end":{"line":76,"column":6}}},"fnMap":{"0":{"name":"(anonymous_0)","decl":{"start":{"line":57,"column":16},"end":{"line":57,"column":19}},"loc":{"start":{"line":57,"column":21},"end":{"line":57,"column":24}}},"1":{"name":"(anonymous_1)","decl":{"start":{"line":70,"column":81},"end":{"line":70,"column":82}},"loc":{"start":{"line":70,"column":108},"end":{"line":77,"column":1}}}},"branchMap":{},"s":{"0":2,"1":2,"2":2,"3":40},"f":{"0":0,"1":40},"b":{}}
,"/Users/ivankarbashevskyi/Projects/Organizations/p4ck439/ts-is/__test__/all/bigint/state.ts": {"path":"/Users/ivankarbashevskyi/Projects/Organizations/p4ck439/ts-is/__test__/all/bigint/state.ts","statementMap":{"0":{"start":{"line":1,"column":13},"end":{"line":5,"column":2}},"1":{"start":{"line":7,"column":13},"end":{"line":68,"column":2}},"2":{"start":{"line":70,"column":13},"end":{"line":77,"column":3}},"3":{"start":{"line":71,"column":4},"end":{"line":76,"column":6}}},"fnMap":{"0":{"name":"(anonymous_0)","decl":{"start":{"line":57,"column":16},"end":{"line":57,"column":19}},"loc":{"start":{"line":57,"column":21},"end":{"line":57,"column":24}}},"1":{"name":"(anonymous_1)","decl":{"start":{"line":70,"column":81},"end":{"line":70,"column":82}},"loc":{"start":{"line":70,"column":108},"end":{"line":77,"column":1}}}},"branchMap":{},"s":{"0":2,"1":2,"2":2,"3":40},"f":{"0":0,"1":40},"b":{}}
,"/Users/ivankarbashevskyi/Projects/Organizations/p4ck439/ts-is/__test__/all/boolean/state.ts": {"path":"/Users/ivankarbashevskyi/Projects/Organizations/p4ck439/ts-is/__test__/all/boolean/state.ts","statementMap":{"0":{"start":{"line":1,"column":13},"end":{"line":14,"column":2}},"1":{"start":{"line":16,"column":13},"end":{"line":68,"column":2}},"2":{"start":{"line":70,"column":13},"end":{"line":77,"column":3}},"3":{"start":{"line":71,"column":4},"end":{"line":76,"column":6}}},"fnMap":{"0":{"name":"(anonymous_0)","decl":{"start":{"line":57,"column":16},"end":{"line":57,"column":19}},"loc":{"start":{"line":57,"column":21},"end":{"line":57,"column":24}}},"1":{"name":"(anonymous_1)","decl":{"start":{"line":70,"column":81},"end":{"line":70,"column":82}},"loc":{"start":{"line":70,"column":108},"end":{"line":77,"column":1}}}},"branchMap":{},"s":{"0":2,"1":2,"2":2,"3":34},"f":{"0":0,"1":34},"b":{}}
,"/Users/ivankarbashevskyi/Projects/Organizations/p4ck439/ts-is/__test__/all/empty-object/state.ts": {"path":"/Users/ivankarbashevskyi/Projects/Organizations/p4ck439/ts-is/__test__/all/empty-object/state.ts","statementMap":{"0":{"start":{"line":1,"column":13},"end":{"line":5,"column":2}},"1":{"start":{"line":7,"column":13},"end":{"line":73,"column":2}},"2":{"start":{"line":75,"column":13},"end":{"line":82,"column":3}},"3":{"start":{"line":76,"column":4},"end":{"line":81,"column":6}}},"fnMap":{"0":{"name":"(anonymous_0)","decl":{"start":{"line":62,"column":16},"end":{"line":62,"column":19}},"loc":{"start":{"line":62,"column":21},"end":{"line":62,"column":24}}},"1":{"name":"(anonymous_1)","decl":{"start":{"line":75,"column":81},"end":{"line":75,"column":82}},"loc":{"start":{"line":75,"column":108},"end":{"line":82,"column":1}}}},"branchMap":{},"s":{"0":2,"1":2,"2":2,"3":42},"f":{"0":0,"1":42},"b":{}}
,"/Users/ivankarbashevskyi/Projects/Organizations/p4ck439/ts-is/__test__/all/empty-string/state.ts": {"path":"/Users/ivankarbashevskyi/Projects/Organizations/p4ck439/ts-is/__test__/all/empty-string/state.ts","statementMap":{"0":{"start":{"line":1,"column":13},"end":{"line":11,"column":2}},"1":{"start":{"line":13,"column":13},"end":{"line":68,"column":2}},"2":{"start":{"line":70,"column":13},"end":{"line":77,"column":3}},"3":{"start":{"line":71,"column":4},"end":{"line":76,"column":6}}},"fnMap":{"0":{"name":"(anonymous_0)","decl":{"start":{"line":57,"column":16},"end":{"line":57,"column":19}},"loc":{"start":{"line":57,"column":21},"end":{"line":57,"column":24}}},"1":{"name":"(anonymous_1)","decl":{"start":{"line":70,"column":81},"end":{"line":70,"column":82}},"loc":{"start":{"line":70,"column":108},"end":{"line":77,"column":1}}}},"branchMap":{},"s":{"0":2,"1":2,"2":2,"3":36},"f":{"0":0,"1":36},"b":{}}
,"/Users/ivankarbashevskyi/Projects/Organizations/p4ck439/ts-is/__test__/all/false/state.ts": {"path":"/Users/ivankarbashevskyi/Projects/Organizations/p4ck439/ts-is/__test__/all/false/state.ts","statementMap":{"0":{"start":{"line":1,"column":13},"end":{"line":5,"column":2}},"1":{"start":{"line":7,"column":13},"end":{"line":68,"column":2}},"2":{"start":{"line":70,"column":13},"end":{"line":77,"column":3}},"3":{"start":{"line":71,"column":4},"end":{"line":76,"column":6}}},"fnMap":{"0":{"name":"(anonymous_0)","decl":{"start":{"line":57,"column":16},"end":{"line":57,"column":19}},"loc":{"start":{"line":57,"column":21},"end":{"line":57,"column":24}}},"1":{"name":"(anonymous_1)","decl":{"start":{"line":70,"column":81},"end":{"line":70,"column":82}},"loc":{"start":{"line":70,"column":108},"end":{"line":77,"column":1}}}},"branchMap":{},"s":{"0":2,"1":2,"2":2,"3":40},"f":{"0":0,"1":40},"b":{}}
,"/Users/ivankarbashevskyi/Projects/Organizations/p4ck439/ts-is/__test__/all/function/state.ts": {"path":"/Users/ivankarbashevskyi/Projects/Organizations/p4ck439/ts-is/__test__/all/function/state.ts","statementMap":{"0":{"start":{"line":1,"column":13},"end":{"line":14,"column":2}},"1":{"start":{"line":16,"column":13},"end":{"line":68,"column":2}},"2":{"start":{"line":70,"column":13},"end":{"line":77,"column":3}},"3":{"start":{"line":71,"column":4},"end":{"line":76,"column":6}}},"fnMap":{"0":{"name":"(anonymous_0)","decl":{"start":{"line":6,"column":16},"end":{"line":6,"column":19}},"loc":{"start":{"line":6,"column":21},"end":{"line":6,"column":24}}},"1":{"name":"(anonymous_1)","decl":{"start":{"line":70,"column":81},"end":{"line":70,"column":82}},"loc":{"start":{"line":70,"column":108},"end":{"line":77,"column":1}}}},"branchMap":{},"s":{"0":2,"1":2,"2":2,"3":34},"f":{"0":0,"1":34},"b":{}}
,"/Users/ivankarbashevskyi/Projects/Organizations/p4ck439/ts-is/__test__/all/model/state.ts": {"path":"/Users/ivankarbashevskyi/Projects/Organizations/p4ck439/ts-is/__test__/all/model/state.ts","statementMap":{"0":{"start":{"line":1,"column":0},"end":{"line":1,"column":53}},"1":{"start":{"line":5,"column":0},"end":{"line":7,"column":null}},"2":{"start":{"line":5,"column":6},"end":{"line":7,"column":null}},"3":{"start":{"line":13,"column":0},"end":{"line":15,"column":null}},"4":{"start":{"line":13,"column":6},"end":{"line":15,"column":null}},"5":{"start":{"line":19,"column":0},"end":{"line":20,"column":null}},"6":{"start":{"line":19,"column":6},"end":{"line":20,"column":null}},"7":{"start":{"line":22,"column":13},"end":{"line":32,"column":2}},"8":{"start":{"line":34,"column":13},"end":{"line":98,"column":2}},"9":{"start":{"line":100,"column":13},"end":{"line":107,"column":3}},"10":{"start":{"line":101,"column":4},"end":{"line":106,"column":6}}},"fnMap":{"0":{"name":"(anonymous_1)","decl":{"start":{"line":87,"column":16},"end":{"line":87,"column":19}},"loc":{"start":{"line":87,"column":21},"end":{"line":87,"column":24}}},"1":{"name":"(anonymous_2)","decl":{"start":{"line":100,"column":81},"end":{"line":100,"column":82}},"loc":{"start":{"line":100,"column":108},"end":{"line":107,"column":1}}}},"branchMap":{},"s":{"0":2,"1":2,"2":2,"3":2,"4":2,"5":2,"6":2,"7":2,"8":2,"9":2,"10":42},"f":{"0":0,"1":42},"b":{}}
,"/Users/ivankarbashevskyi/Projects/Organizations/p4ck439/ts-is/__test__/all/null/state.ts": {"path":"/Users/ivankarbashevskyi/Projects/Organizations/p4ck439/ts-is/__test__/all/null/state.ts","statementMap":{"0":{"start":{"line":1,"column":13},"end":{"line":5,"column":2}},"1":{"start":{"line":7,"column":13},"end":{"line":68,"column":2}},"2":{"start":{"line":70,"column":13},"end":{"line":77,"column":3}},"3":{"start":{"line":71,"column":4},"end":{"line":76,"column":6}}},"fnMap":{"0":{"name":"(anonymous_0)","decl":{"start":{"line":57,"column":16},"end":{"line":57,"column":19}},"loc":{"start":{"line":57,"column":21},"end":{"line":57,"column":24}}},"1":{"name":"(anonymous_1)","decl":{"start":{"line":70,"column":81},"end":{"line":70,"column":82}},"loc":{"start":{"line":70,"column":108},"end":{"line":77,"column":1}}}},"branchMap":{},"s":{"0":2,"1":2,"2":2,"3":40},"f":{"0":0,"1":40},"b":{}}
,"/Users/ivankarbashevskyi/Projects/Organizations/p4ck439/ts-is/__test__/all/number/state.ts": {"path":"/Users/ivankarbashevskyi/Projects/Organizations/p4ck439/ts-is/__test__/all/number/state.ts","statementMap":{"0":{"start":{"line":1,"column":13},"end":{"line":5,"column":2}},"1":{"start":{"line":7,"column":13},"end":{"line":68,"column":2}},"2":{"start":{"line":70,"column":13},"end":{"line":77,"column":3}},"3":{"start":{"line":71,"column":4},"end":{"line":76,"column":6}}},"fnMap":{"0":{"name":"(anonymous_0)","decl":{"start":{"line":57,"column":16},"end":{"line":57,"column":19}},"loc":{"start":{"line":57,"column":21},"end":{"line":57,"column":24}}},"1":{"name":"(anonymous_1)","decl":{"start":{"line":70,"column":81},"end":{"line":70,"column":82}},"loc":{"start":{"line":70,"column":108},"end":{"line":77,"column":1}}}},"branchMap":{},"s":{"0":2,"1":2,"2":2,"3":40},"f":{"0":0,"1":40},"b":{}}
,"/Users/ivankarbashevskyi/Projects/Organizations/p4ck439/ts-is/__test__/all/object/state.ts": {"path":"/Users/ivankarbashevskyi/Projects/Organizations/p4ck439/ts-is/__test__/all/object/state.ts","statementMap":{"0":{"start":{"line":1,"column":13},"end":{"line":5,"column":2}},"1":{"start":{"line":7,"column":13},"end":{"line":68,"column":2}},"2":{"start":{"line":70,"column":13},"end":{"line":77,"column":3}},"3":{"start":{"line":71,"column":4},"end":{"line":76,"column":6}}},"fnMap":{"0":{"name":"(anonymous_0)","decl":{"start":{"line":57,"column":16},"end":{"line":57,"column":19}},"loc":{"start":{"line":57,"column":21},"end":{"line":57,"column":24}}},"1":{"name":"(anonymous_1)","decl":{"start":{"line":70,"column":81},"end":{"line":70,"column":82}},"loc":{"start":{"line":70,"column":108},"end":{"line":77,"column":1}}}},"branchMap":{},"s":{"0":2,"1":2,"2":2,"3":40},"f":{"0":0,"1":40},"b":{}}
,"/Users/ivankarbashevskyi/Projects/Organizations/p4ck439/ts-is/__test__/all/string/state.ts": {"path":"/Users/ivankarbashevskyi/Projects/Organizations/p4ck439/ts-is/__test__/all/string/state.ts","statementMap":{"0":{"start":{"line":1,"column":13},"end":{"line":17,"column":2}},"1":{"start":{"line":19,"column":13},"end":{"line":68,"column":2}},"2":{"start":{"line":70,"column":13},"end":{"line":77,"column":3}},"3":{"start":{"line":71,"column":4},"end":{"line":76,"column":6}}},"fnMap":{"0":{"name":"(anonymous_0)","decl":{"start":{"line":57,"column":16},"end":{"line":57,"column":19}},"loc":{"start":{"line":57,"column":21},"end":{"line":57,"column":24}}},"1":{"name":"(anonymous_1)","decl":{"start":{"line":70,"column":81},"end":{"line":70,"column":82}},"loc":{"start":{"line":70,"column":108},"end":{"line":77,"column":1}}}},"branchMap":{},"s":{"0":2,"1":2,"2":2,"3":32},"f":{"0":0,"1":32},"b":{}}
,"/Users/ivankarbashevskyi/Projects/Organizations/p4ck439/ts-is/__test__/all/symbol/state.ts": {"path":"/Users/ivankarbashevskyi/Projects/Organizations/p4ck439/ts-is/__test__/all/symbol/state.ts","statementMap":{"0":{"start":{"line":1,"column":13},"end":{"line":5,"column":2}},"1":{"start":{"line":7,"column":13},"end":{"line":68,"column":2}},"2":{"start":{"line":70,"column":13},"end":{"line":77,"column":3}},"3":{"start":{"line":71,"column":4},"end":{"line":76,"column":6}}},"fnMap":{"0":{"name":"(anonymous_0)","decl":{"start":{"line":57,"column":16},"end":{"line":57,"column":19}},"loc":{"start":{"line":57,"column":21},"end":{"line":57,"column":24}}},"1":{"name":"(anonymous_1)","decl":{"start":{"line":70,"column":81},"end":{"line":70,"column":82}},"loc":{"start":{"line":70,"column":108},"end":{"line":77,"column":1}}}},"branchMap":{},"s":{"0":2,"1":2,"2":2,"3":40},"f":{"0":0,"1":40},"b":{}}
,"/Users/ivankarbashevskyi/Projects/Organizations/p4ck439/ts-is/__test__/all/true/state.ts": {"path":"/Users/ivankarbashevskyi/Projects/Organizations/p4ck439/ts-is/__test__/all/true/state.ts","statementMap":{"0":{"start":{"line":1,"column":13},"end":{"line":5,"column":2}},"1":{"start":{"line":7,"column":13},"end":{"line":68,"column":2}},"2":{"start":{"line":70,"column":13},"end":{"line":77,"column":3}},"3":{"start":{"line":71,"column":4},"end":{"line":76,"column":6}}},"fnMap":{"0":{"name":"(anonymous_0)","decl":{"start":{"line":57,"column":16},"end":{"line":57,"column":19}},"loc":{"start":{"line":57,"column":21},"end":{"line":57,"column":24}}},"1":{"name":"(anonymous_1)","decl":{"start":{"line":70,"column":81},"end":{"line":70,"column":82}},"loc":{"start":{"line":70,"column":108},"end":{"line":77,"column":1}}}},"branchMap":{},"s":{"0":2,"1":2,"2":2,"3":40},"f":{"0":0,"1":40},"b":{}}
,"/Users/ivankarbashevskyi/Projects/Organizations/p4ck439/ts-is/__test__/all/undefined/state.ts": {"path":"/Users/ivankarbashevskyi/Projects/Organizations/p4ck439/ts-is/__test__/all/undefined/state.ts","statementMap":{"0":{"start":{"line":1,"column":13},"end":{"line":5,"column":2}},"1":{"start":{"line":7,"column":13},"end":{"line":68,"column":2}},"2":{"start":{"line":70,"column":13},"end":{"line":77,"column":3}},"3":{"start":{"line":71,"column":4},"end":{"line":76,"column":6}}},"fnMap":{"0":{"name":"(anonymous_0)","decl":{"start":{"line":57,"column":16},"end":{"line":57,"column":19}},"loc":{"start":{"line":57,"column":21},"end":{"line":57,"column":24}}},"1":{"name":"(anonymous_1)","decl":{"start":{"line":70,"column":81},"end":{"line":70,"column":82}},"loc":{"start":{"line":70,"column":108},"end":{"line":77,"column":1}}}},"branchMap":{},"s":{"0":2,"1":2,"2":2,"3":40},"f":{"0":0,"1":40},"b":{}}
,"/Users/ivankarbashevskyi/Projects/Organizations/p4ck439/ts-is/lib/index.js": {"path":"/Users/ivankarbashevskyi/Projects/Organizations/p4ck439/ts-is/lib/index.js","statementMap":{"0":{"start":{"line":2,"column":0},"end":{"line":2,"column":62}},"1":{"start":{"line":3,"column":0},"end":{"line":3,"column":20}},"2":{"start":{"line":4,"column":33},"end":{"line":4,"column":75}},"3":{"start":{"line":7,"column":4},"end":{"line":7,"column":20}},"4":{"start":{"line":14,"column":0},"end":{"line":14,"column":70}}},"fnMap":{"0":{"name":"IsFunction","decl":{"start":{"line":5,"column":9},"end":{"line":5,"column":19}},"loc":{"start":{"line":5,"column":30},"end":{"line":8,"column":1}},"line":5}},"branchMap":{},"s":{"0":51,"1":51,"2":51,"3":19,"4":51},"f":{"0":19},"b":{},"inputSourceMap":null,"_coverageSchema":"1a1c01bbd47fc00a2c39e90264f33305004495a9","hash":"fa08c49456e6217b37cce348e3d8480eba03ad5f"}
,"/Users/ivankarbashevskyi/Projects/Organizations/p4ck439/ts-is/lib/consts/tools/case.tool.const.js": {"path":"/Users/ivankarbashevskyi/Projects/Organizations/p4ck439/ts-is/lib/consts/tools/case.tool.const.js","statementMap":{"0":{"start":{"line":2,"column":0},"end":{"line":2,"column":62}},"1":{"start":{"line":3,"column":0},"end":{"line":3,"column":31}},"2":{"start":{"line":4,"column":0},"end":{"line":53,"column":2}}},"fnMap":{},"branchMap":{},"s":{"0":51,"1":51,"2":51},"f":{},"b":{},"inputSourceMap":null,"_coverageSchema":"1a1c01bbd47fc00a2c39e90264f33305004495a9","hash":"16e420bc6834c1627fe0255c0bd0a9360cbd7110"}
,"/Users/ivankarbashevskyi/Projects/Organizations/p4ck439/ts-is/lib/decorators/index.js": {"path":"/Users/ivankarbashevskyi/Projects/Organizations/p4ck439/ts-is/lib/decorators/index.js","statementMap":{"0":{"start":{"line":2,"column":0},"end":{"line":2,"column":62}},"1":{"start":{"line":3,"column":0},"end":{"line":3,"column":30}},"2":{"start":{"line":4,"column":35},"end":{"line":4,"column":72}},"3":{"start":{"line":5,"column":0},"end":{"line":5,"column":72}}},"fnMap":{},"branchMap":{},"s":{"0":3,"1":3,"2":3,"3":3},"f":{},"b":{},"inputSourceMap":null,"_coverageSchema":"1a1c01bbd47fc00a2c39e90264f33305004495a9","hash":"9745822f6bded2758bae4b53a56f51afef782e43"}
,"/Users/ivankarbashevskyi/Projects/Organizations/p4ck439/ts-is/lib/decorators/register-in-is.decorator.js": {"path":"/Users/ivankarbashevskyi/Projects/Organizations/p4ck439/ts-is/lib/decorators/register-in-is.decorator.js","statementMap":{"0":{"start":{"line":2,"column":0},"end":{"line":2,"column":62}},"1":{"start":{"line":3,"column":0},"end":{"line":3,"column":39}},"2":{"start":{"line":4,"column":19},"end":{"line":4,"column":41}},"3":{"start":{"line":5,"column":24},"end":{"line":5,"column":59}},"4":{"start":{"line":7,"column":4},"end":{"line":15,"column":6}},"5":{"start":{"line":8,"column":8},"end":{"line":14,"column":9}},"6":{"start":{"line":9,"column":12},"end":{"line":9,"column":96}},"7":{"start":{"line":12,"column":27},"end":{"line":12,"column":44}},"8":{"start":{"line":13,"column":12},"end":{"line":13,"column":96}},"9":{"start":{"line":17,"column":0},"end":{"line":17,"column":54}}},"fnMap":{"0":{"name":"registerInIsDecorator","decl":{"start":{"line":6,"column":9},"end":{"line":6,"column":30}},"loc":{"start":{"line":6,"column":46},"end":{"line":16,"column":1}},"line":6},"1":{"name":"(anonymous_1)","decl":{"start":{"line":7,"column":11},"end":{"line":7,"column":12}},"loc":{"start":{"line":7,"column":28},"end":{"line":15,"column":5}},"line":7}},"branchMap":{"0":{"loc":{"start":{"line":8,"column":8},"end":{"line":14,"column":9}},"type":"if","locations":[{"start":{"line":8,"column":8},"end":{"line":14,"column":9}},{"start":{"line":11,"column":13},"end":{"line":14,"column":9}}],"line":8}},"s":{"0":3,"1":3,"2":3,"3":3,"4":8,"5":8,"6":2,"7":6,"8":6,"9":3},"f":{"0":8,"1":8},"b":{"0":[2,6]},"inputSourceMap":null,"_coverageSchema":"1a1c01bbd47fc00a2c39e90264f33305004495a9","hash":"aa011414349970f55c66103c99a53d61dabd463c"}
,"/Users/ivankarbashevskyi/Projects/Organizations/p4ck439/ts-is/lib/engine/proxy-generator.engine.js": {"path":"/Users/ivankarbashevskyi/Projects/Organizations/p4ck439/ts-is/lib/engine/proxy-generator.engine.js","statementMap":{"0":{"start":{"line":2,"column":0},"end":{"line":2,"column":62}},"1":{"start":{"line":3,"column":0},"end":{"line":3,"column":32}},"2":{"start":{"line":4,"column":33},"end":{"line":4,"column":68}},"3":{"start":{"line":6,"column":4},"end":{"line":14,"column":6}},"4":{"start":{"line":7,"column":22},"end":{"line":12,"column":9}},"5":{"start":{"line":13,"column":8},"end":{"line":13,"column":89}},"6":{"start":{"line":17,"column":4},"end":{"line":19,"column":6}},"7":{"start":{"line":18,"column":8},"end":{"line":18,"column":39}},"8":{"start":{"line":26,"column":4},"end":{"line":29,"column":7}},"9":{"start":{"line":31,"column":0},"end":{"line":31,"column":40}}},"fnMap":{"0":{"name":"proxyGeneratorGet","decl":{"start":{"line":5,"column":9},"end":{"line":5,"column":26}},"loc":{"start":{"line":5,"column":29},"end":{"line":15,"column":1}},"line":5},"1":{"name":"(anonymous_1)","decl":{"start":{"line":6,"column":11},"end":{"line":6,"column":12}},"loc":{"start":{"line":6,"column":29},"end":{"line":14,"column":5}},"line":6},"2":{"name":"proxyGeneratorApply","decl":{"start":{"line":16,"column":9},"end":{"line":16,"column":28}},"loc":{"start":{"line":16,"column":31},"end":{"line":20,"column":1}},"line":16},"3":{"name":"(anonymous_3)","decl":{"start":{"line":17,"column":11},"end":{"line":17,"column":12}},"loc":{"start":{"line":17,"column":46},"end":{"line":19,"column":5}},"line":17},"4":{"name":"proxyGenerator","decl":{"start":{"line":25,"column":9},"end":{"line":25,"column":23}},"loc":{"start":{"line":25,"column":41},"end":{"line":30,"column":1}},"line":25}},"branchMap":{},"s":{"0":51,"1":51,"2":51,"3":51,"4":1369,"5":1369,"6":51,"7":19,"8":51,"9":51},"f":{"0":51,"1":1369,"2":51,"3":19,"4":51},"b":{},"inputSourceMap":null,"_coverageSchema":"1a1c01bbd47fc00a2c39e90264f33305004495a9","hash":"664c4df07f1b57f2761f267c519d06e4a8f42077"}
,"/Users/ivankarbashevskyi/Projects/Organizations/p4ck439/ts-is/lib/engine/proxy-recursive.engine.js": {"path":"/Users/ivankarbashevskyi/Projects/Organizations/p4ck439/ts-is/lib/engine/proxy-recursive.engine.js","statementMap":{"0":{"start":{"line":2,"column":0},"end":{"line":2,"column":62}},"1":{"start":{"line":3,"column":0},"end":{"line":3,"column":32}},"2":{"start":{"line":4,"column":19},"end":{"line":4,"column":41}},"3":{"start":{"line":5,"column":26},"end":{"line":5,"column":68}},"4":{"start":{"line":6,"column":25},"end":{"line":6,"column":65}},"5":{"start":{"line":7,"column":28},"end":{"line":7,"column":67}},"6":{"start":{"line":8,"column":18},"end":{"line":8,"column":39}},"7":{"start":{"line":9,"column":24},"end":{"line":9,"column":57}},"8":{"start":{"line":11,"column":4},"end":{"line":13,"column":6}},"9":{"start":{"line":12,"column":8},"end":{"line":12,"column":103}},"10":{"start":{"line":39,"column":4},"end":{"line":97,"column":6}},"11":{"start":{"line":41,"column":20},"end":{"line":41,"column":119}},"12":{"start":{"line":42,"column":8},"end":{"line":95,"column":9}},"13":{"start":{"line":44,"column":16},"end":{"line":44,"column":54}},"14":{"start":{"line":45,"column":16},"end":{"line":45,"column":22}},"15":{"start":{"line":47,"column":16},"end":{"line":47,"column":54}},"16":{"start":{"line":48,"column":16},"end":{"line":50,"column":27}},"17":{"start":{"line":49,"column":20},"end":{"line":49,"column":55}},"18":{"start":{"line":51,"column":16},"end":{"line":51,"column":22}},"19":{"start":{"line":53,"column":16},"end":{"line":55,"column":27}},"20":{"start":{"line":54,"column":20},"end":{"line":54,"column":82}},"21":{"start":{"line":56,"column":16},"end":{"line":56,"column":22}},"22":{"start":{"line":58,"column":16},"end":{"line":58,"column":97}},"23":{"start":{"line":59,"column":16},"end":{"line":59,"column":22}},"24":{"start":{"line":62,"column":16},"end":{"line":64,"column":27}},"25":{"start":{"line":63,"column":20},"end":{"line":63,"column":120}},"26":{"start":{"line":65,"column":16},"end":{"line":65,"column":22}},"27":{"start":{"line":67,"column":16},"end":{"line":67,"column":97}},"28":{"start":{"line":69,"column":16},"end":{"line":71,"column":27}},"29":{"start":{"line":70,"column":20},"end":{"line":70,"column":55}},"30":{"start":{"line":72,"column":16},"end":{"line":72,"column":22}},"31":{"start":{"line":75,"column":16},"end":{"line":77,"column":27}},"32":{"start":{"line":76,"column":20},"end":{"line":76,"column":82}},"33":{"start":{"line":79,"column":16},"end":{"line":81,"column":27}},"34":{"start":{"line":80,"column":20},"end":{"line":80,"column":55}},"35":{"start":{"line":82,"column":16},"end":{"line":82,"column":22}},"36":{"start":{"line":85,"column":16},"end":{"line":87,"column":27}},"37":{"start":{"line":86,"column":20},"end":{"line":86,"column":120}},"38":{"start":{"line":89,"column":16},"end":{"line":91,"column":27}},"39":{"start":{"line":90,"column":20},"end":{"line":90,"column":55}},"40":{"start":{"line":92,"column":16},"end":{"line":92,"column":22}},"41":{"start":{"line":94,"column":16},"end":{"line":94,"column":118}},"42":{"start":{"line":96,"column":8},"end":{"line":96,"column":22}},"43":{"start":{"line":100,"column":31},"end":{"line":100,"column":79}},"44":{"start":{"line":100,"column":70},"end":{"line":100,"column":78}},"45":{"start":{"line":101,"column":4},"end":{"line":103,"column":5}},"46":{"start":{"line":101,"column":43},"end":{"line":101,"column":48}},"47":{"start":{"line":102,"column":8},"end":{"line":102,"column":64}},"48":{"start":{"line":121,"column":20},"end":{"line":121,"column":37}},"49":{"start":{"line":122,"column":4},"end":{"line":125,"column":5}},"50":{"start":{"line":123,"column":8},"end":{"line":123,"column":28}},"51":{"start":{"line":124,"column":8},"end":{"line":124,"column":91}},"52":{"start":{"line":126,"column":4},"end":{"line":129,"column":5}},"53":{"start":{"line":127,"column":8},"end":{"line":127,"column":34}},"54":{"start":{"line":128,"column":8},"end":{"line":128,"column":51}},"55":{"start":{"line":130,"column":4},"end":{"line":133,"column":5}},"56":{"start":{"line":131,"column":8},"end":{"line":131,"column":35}},"57":{"start":{"line":132,"column":8},"end":{"line":132,"column":64}},"58":{"start":{"line":134,"column":4},"end":{"line":137,"column":5}},"59":{"start":{"line":135,"column":8},"end":{"line":135,"column":34}},"60":{"start":{"line":136,"column":8},"end":{"line":136,"column":62}},"61":{"start":{"line":138,"column":4},"end":{"line":138,"column":28}},"62":{"start":{"line":139,"column":4},"end":{"line":142,"column":7}},"63":{"start":{"line":144,"column":0},"end":{"line":144,"column":40}}},"fnMap":{"0":{"name":"proxyRecursiveGet","decl":{"start":{"line":10,"column":9},"end":{"line":10,"column":26}},"loc":{"start":{"line":10,"column":71},"end":{"line":14,"column":1}},"line":10},"1":{"name":"(anonymous_1)","decl":{"start":{"line":11,"column":11},"end":{"line":11,"column":12}},"loc":{"start":{"line":11,"column":35},"end":{"line":13,"column":5}},"line":11},"2":{"name":"proxyRecursiveApply","decl":{"start":{"line":38,"column":9},"end":{"line":38,"column":28}},"loc":{"start":{"line":38,"column":73},"end":{"line":98,"column":1}},"line":38},"3":{"name":"(anonymous_3)","decl":{"start":{"line":39,"column":11},"end":{"line":39,"column":12}},"loc":{"start":{"line":39,"column":51},"end":{"line":97,"column":5}},"line":39},"4":{"name":"(anonymous_4)","decl":{"start":{"line":48,"column":49},"end":{"line":48,"column":50}},"loc":{"start":{"line":48,"column":82},"end":{"line":50,"column":17}},"line":48},"5":{"name":"(anonymous_5)","decl":{"start":{"line":53,"column":50},"end":{"line":53,"column":51}},"loc":{"start":{"line":53,"column":83},"end":{"line":55,"column":17}},"line":53},"6":{"name":"(anonymous_6)","decl":{"start":{"line":62,"column":50},"end":{"line":62,"column":51}},"loc":{"start":{"line":62,"column":83},"end":{"line":64,"column":17}},"line":62},"7":{"name":"(anonymous_7)","decl":{"start":{"line":69,"column":49},"end":{"line":69,"column":50}},"loc":{"start":{"line":69,"column":82},"end":{"line":71,"column":17}},"line":69},"8":{"name":"(anonymous_8)","decl":{"start":{"line":75,"column":50},"end":{"line":75,"column":51}},"loc":{"start":{"line":75,"column":83},"end":{"line":77,"column":17}},"line":75},"9":{"name":"(anonymous_9)","decl":{"start":{"line":79,"column":49},"end":{"line":79,"column":50}},"loc":{"start":{"line":79,"column":82},"end":{"line":81,"column":17}},"line":79},"10":{"name":"(anonymous_10)","decl":{"start":{"line":85,"column":50},"end":{"line":85,"column":51}},"loc":{"start":{"line":85,"column":83},"end":{"line":87,"column":17}},"line":85},"11":{"name":"(anonymous_11)","decl":{"start":{"line":89,"column":49},"end":{"line":89,"column":50}},"loc":{"start":{"line":89,"column":82},"end":{"line":91,"column":17}},"line":89},"12":{"name":"checkFlags","decl":{"start":{"line":99,"column":9},"end":{"line":99,"column":19}},"loc":{"start":{"line":99,"column":33},"end":{"line":104,"column":1}},"line":99},"13":{"name":"(anonymous_13)","decl":{"start":{"line":100,"column":56},"end":{"line":100,"column":57}},"loc":{"start":{"line":100,"column":70},"end":{"line":100,"column":78}},"line":100},"14":{"name":"(anonymous_14)","decl":{"start":{"line":101,"column":33},"end":{"line":101,"column":34}},"loc":{"start":{"line":101,"column":43},"end":{"line":101,"column":48}},"line":101},"15":{"name":"proxyRecursive","decl":{"start":{"line":119,"column":9},"end":{"line":119,"column":23}},"loc":{"start":{"line":119,"column":82},"end":{"line":143,"column":1}},"line":119}},"branchMap":{"0":{"loc":{"start":{"line":42,"column":8},"end":{"line":95,"column":9}},"type":"switch","locations":[{"start":{"line":43,"column":12},"end":{"line":45,"column":22}},{"start":{"line":46,"column":12},"end":{"line":51,"column":22}},{"start":{"line":52,"column":12},"end":{"line":56,"column":22}},{"start":{"line":57,"column":12},"end":{"line":59,"column":22}},{"start":{"line":60,"column":12},"end":{"line":65,"column":22}},{"start":{"line":66,"column":12},"end":{"line":72,"column":22}},{"start":{"line":73,"column":12},"end":{"line":82,"column":22}},{"start":{"line":83,"column":12},"end":{"line":92,"column":22}},{"start":{"line":93,"column":12},"end":{"line":94,"column":118}}],"line":42},"1":{"loc":{"start":{"line":101,"column":4},"end":{"line":103,"column":5}},"type":"if","locations":[{"start":{"line":101,"column":4},"end":{"line":103,"column":5}},{"start":{},"end":{}}],"line":101},"2":{"loc":{"start":{"line":122,"column":4},"end":{"line":125,"column":5}},"type":"if","locations":[{"start":{"line":122,"column":4},"end":{"line":125,"column":5}},{"start":{},"end":{}}],"line":122},"3":{"loc":{"start":{"line":124,"column":20},"end":{"line":124,"column":90}},"type":"cond-expr","locations":[{"start":{"line":124,"column":79},"end":{"line":124,"column":81}},{"start":{"line":124,"column":84},"end":{"line":124,"column":90}}],"line":124},"4":{"loc":{"start":{"line":124,"column":20},"end":{"line":124,"column":76}},"type":"binary-expr","locations":[{"start":{"line":124,"column":20},"end":{"line":124,"column":59}},{"start":{"line":124,"column":63},"end":{"line":124,"column":76}}],"line":124},"5":{"loc":{"start":{"line":126,"column":4},"end":{"line":129,"column":5}},"type":"if","locations":[{"start":{"line":126,"column":4},"end":{"line":129,"column":5}},{"start":{},"end":{}}],"line":126},"6":{"loc":{"start":{"line":130,"column":4},"end":{"line":133,"column":5}},"type":"if","locations":[{"start":{"line":130,"column":4},"end":{"line":133,"column":5}},{"start":{},"end":{}}],"line":130},"7":{"loc":{"start":{"line":134,"column":4},"end":{"line":137,"column":5}},"type":"if","locations":[{"start":{"line":134,"column":4},"end":{"line":137,"column":5}},{"start":{},"end":{}}],"line":134}},"s":{"0":51,"1":51,"2":51,"3":51,"4":51,"5":51,"6":51,"7":51,"8":2938,"9":1569,"10":2938,"11":1369,"12":1369,"13":360,"14":360,"15":360,"16":360,"17":360,"18":360,"19":26,"20":26,"21":26,"22":20,"23":20,"24":3,"25":3,"26":3,"27":20,"28":20,"29":20,"30":20,"31":538,"32":538,"33":538,"34":538,"35":538,"36":42,"37":42,"38":42,"39":42,"40":42,"41":0,"42":1369,"43":2938,"44":11752,"45":2938,"46":4356,"47":0,"48":2938,"49":2938,"50":1284,"51":1284,"52":2938,"53":85,"54":85,"55":2938,"56":609,"57":609,"58":2938,"59":960,"60":960,"61":2938,"62":2938,"63":51},"f":{"0":2938,"1":1569,"2":2938,"3":1369,"4":360,"5":26,"6":3,"7":20,"8":538,"9":538,"10":42,"11":42,"12":2938,"13":11752,"14":4356,"15":2938},"b":{"0":[360,360,26,20,3,20,538,42,0],"1":[0,2938],"2":[1284,1654],"3":[1284,0],"4":[1284,1284],"5":[85,2853],"6":[609,2329],"7":[960,1978]},"inputSourceMap":null,"_coverageSchema":"1a1c01bbd47fc00a2c39e90264f33305004495a9","hash":"57ba4e3b93f2edc4a9efa45b32af7320ec06f0ad"}
,"/Users/ivankarbashevskyi/Projects/Organizations/p4ck439/ts-is/lib/enums/tools/case.tool.enum.js": {"path":"/Users/ivankarbashevskyi/Projects/Organizations/p4ck439/ts-is/lib/enums/tools/case.tool.enum.js","statementMap":{"0":{"start":{"line":2,"column":0},"end":{"line":2,"column":62}},"1":{"start":{"line":3,"column":0},"end":{"line":3,"column":30}},"2":{"start":{"line":5,"column":0},"end":{"line":14,"column":71}},"3":{"start":{"line":6,"column":4},"end":{"line":6,"column":54}},"4":{"start":{"line":7,"column":4},"end":{"line":7,"column":56}},"5":{"start":{"line":8,"column":4},"end":{"line":8,"column":86}},"6":{"start":{"line":9,"column":4},"end":{"line":9,"column":88}},"7":{"start":{"line":10,"column":4},"end":{"line":10,"column":104}},"8":{"start":{"line":11,"column":4},"end":{"line":11,"column":86}},"9":{"start":{"line":12,"column":4},"end":{"line":12,"column":84}},"10":{"start":{"line":13,"column":4},"end":{"line":13,"column":102}}},"fnMap":{"0":{"name":"(anonymous_0)","decl":{"start":{"line":5,"column":1},"end":{"line":5,"column":2}},"loc":{"start":{"line":5,"column":25},"end":{"line":14,"column":1}},"line":5}},"branchMap":{"0":{"loc":{"start":{"line":14,"column":18},"end":{"line":14,"column":69}},"type":"binary-expr","locations":[{"start":{"line":14,"column":18},"end":{"line":14,"column":38}},{"start":{"line":14,"column":43},"end":{"line":14,"column":68}}],"line":14}},"s":{"0":51,"1":51,"2":51,"3":51,"4":51,"5":51,"6":51,"7":51,"8":51,"9":51,"10":51},"f":{"0":51},"b":{"0":[51,51]},"inputSourceMap":null,"_coverageSchema":"1a1c01bbd47fc00a2c39e90264f33305004495a9","hash":"dc09167c36450f2ab7bbead6ee27a0b851fdaae7"}
,"/Users/ivankarbashevskyi/Projects/Organizations/p4ck439/ts-is/lib/methods/array.method.js": {"path":"/Users/ivankarbashevskyi/Projects/Organizations/p4ck439/ts-is/lib/methods/array.method.js","statementMap":{"0":{"start":{"line":2,"column":0},"end":{"line":2,"column":62}},"1":{"start":{"line":3,"column":0},"end":{"line":3,"column":29}},"2":{"start":{"line":4,"column":26},"end":{"line":4,"column":54}},"3":{"start":{"line":36,"column":4},"end":{"line":49,"column":5}},"4":{"start":{"line":37,"column":8},"end":{"line":48,"column":9}},"5":{"start":{"line":38,"column":12},"end":{"line":44,"column":13}},"6":{"start":{"line":40,"column":16},"end":{"line":40,"column":74}},"7":{"start":{"line":40,"column":48},"end":{"line":40,"column":72}},"8":{"start":{"line":43,"column":16},"end":{"line":43,"column":29}},"9":{"start":{"line":47,"column":12},"end":{"line":47,"column":24}},"10":{"start":{"line":50,"column":4},"end":{"line":50,"column":17}},"11":{"start":{"line":52,"column":0},"end":{"line":52,"column":34}}},"fnMap":{"0":{"name":"ArrayMethod","decl":{"start":{"line":35,"column":9},"end":{"line":35,"column":20}},"loc":{"start":{"line":35,"column":41},"end":{"line":51,"column":1}},"line":35},"1":{"name":"(anonymous_1)","decl":{"start":{"line":40,"column":38},"end":{"line":40,"column":39}},"loc":{"start":{"line":40,"column":48},"end":{"line":40,"column":72}},"line":40}},"branchMap":{"0":{"loc":{"start":{"line":36,"column":4},"end":{"line":49,"column":5}},"type":"if","locations":[{"start":{"line":36,"column":4},"end":{"line":49,"column":5}},{"start":{},"end":{}}],"line":36},"1":{"loc":{"start":{"line":37,"column":8},"end":{"line":48,"column":9}},"type":"if","locations":[{"start":{"line":37,"column":8},"end":{"line":48,"column":9}},{"start":{"line":46,"column":13},"end":{"line":48,"column":9}}],"line":37},"2":{"loc":{"start":{"line":38,"column":12},"end":{"line":44,"column":13}},"type":"if","locations":[{"start":{"line":38,"column":12},"end":{"line":44,"column":13}},{"start":{"line":42,"column":17},"end":{"line":44,"column":13}}],"line":38}},"s":{"0":52,"1":52,"2":52,"3":12031,"4":10972,"5":2,"6":2,"7":2,"8":0,"9":10970,"10":1059,"11":52},"f":{"0":12031,"1":2},"b":{"0":[10972,1059],"1":[2,10970],"2":[2,0]},"inputSourceMap":null,"_coverageSchema":"1a1c01bbd47fc00a2c39e90264f33305004495a9","hash":"67a1fcaea08c0121637e6a7edc5d0a037c8a6a9f"}
,"/Users/ivankarbashevskyi/Projects/Organizations/p4ck439/ts-is/lib/methods/bigint.method.js": {"path":"/Users/ivankarbashevskyi/Projects/Organizations/p4ck439/ts-is/lib/methods/bigint.method.js","statementMap":{"0":{"start":{"line":2,"column":0},"end":{"line":2,"column":62}},"1":{"start":{"line":3,"column":0},"end":{"line":3,"column":30}},"2":{"start":{"line":9,"column":4},"end":{"line":9,"column":40}},"3":{"start":{"line":11,"column":0},"end":{"line":11,"column":36}}},"fnMap":{"0":{"name":"BigintMethod","decl":{"start":{"line":8,"column":9},"end":{"line":8,"column":21}},"loc":{"start":{"line":8,"column":32},"end":{"line":10,"column":1}},"line":8}},"branchMap":{},"s":{"0":51,"1":51,"2":194,"3":51},"f":{"0":194},"b":{},"inputSourceMap":null,"_coverageSchema":"1a1c01bbd47fc00a2c39e90264f33305004495a9","hash":"307ce5229a4a37d9c5f90e2001b3a4f0fab4d3d5"}
,"/Users/ivankarbashevskyi/Projects/Organizations/p4ck439/ts-is/lib/methods/boolean.method.js": {"path":"/Users/ivankarbashevskyi/Projects/Organizations/p4ck439/ts-is/lib/methods/boolean.method.js","statementMap":{"0":{"start":{"line":2,"column":0},"end":{"line":2,"column":62}},"1":{"start":{"line":3,"column":0},"end":{"line":3,"column":31}},"2":{"start":{"line":9,"column":4},"end":{"line":9,"column":41}},"3":{"start":{"line":11,"column":0},"end":{"line":11,"column":38}}},"fnMap":{"0":{"name":"BooleanMethod","decl":{"start":{"line":8,"column":9},"end":{"line":8,"column":22}},"loc":{"start":{"line":8,"column":33},"end":{"line":10,"column":1}},"line":8}},"branchMap":{},"s":{"0":51,"1":51,"2":213,"3":51},"f":{"0":213},"b":{},"inputSourceMap":null,"_coverageSchema":"1a1c01bbd47fc00a2c39e90264f33305004495a9","hash":"907c0d238eb39c52218d63b384887e3aa3a3bffe"}
,"/Users/ivankarbashevskyi/Projects/Organizations/p4ck439/ts-is/lib/methods/compare.method.js": {"path":"/Users/ivankarbashevskyi/Projects/Organizations/p4ck439/ts-is/lib/methods/compare.method.js","statementMap":{"0":{"start":{"line":2,"column":0},"end":{"line":2,"column":62}},"1":{"start":{"line":3,"column":0},"end":{"line":3,"column":57}},"2":{"start":{"line":4,"column":35},"end":{"line":4,"column":72}},"3":{"start":{"line":5,"column":23},"end":{"line":5,"column":48}},"4":{"start":{"line":7,"column":0},"end":{"line":9,"column":80}},"5":{"start":{"line":8,"column":4},"end":{"line":8,"column":41}},"6":{"start":{"line":17,"column":4},"end":{"line":19,"column":5}},"7":{"start":{"line":18,"column":8},"end":{"line":18,"column":21}},"8":{"start":{"line":20,"column":28},"end":{"line":20,"column":93}},"9":{"start":{"line":21,"column":28},"end":{"line":21,"column":93}},"10":{"start":{"line":22,"column":4},"end":{"line":24,"column":5}},"11":{"start":{"line":23,"column":8},"end":{"line":23,"column":21}},"12":{"start":{"line":25,"column":4},"end":{"line":27,"column":5}},"13":{"start":{"line":26,"column":8},"end":{"line":26,"column":21}},"14":{"start":{"line":28,"column":4},"end":{"line":30,"column":5}},"15":{"start":{"line":29,"column":8},"end":{"line":29,"column":20}},"16":{"start":{"line":31,"column":4},"end":{"line":44,"column":5}},"17":{"start":{"line":32,"column":8},"end":{"line":43,"column":9}},"18":{"start":{"line":34,"column":16},"end":{"line":36,"column":17}},"19":{"start":{"line":35,"column":20},"end":{"line":35,"column":33}},"20":{"start":{"line":37,"column":16},"end":{"line":37,"column":22}},"21":{"start":{"line":39,"column":16},"end":{"line":41,"column":17}},"22":{"start":{"line":40,"column":20},"end":{"line":40,"column":33}},"23":{"start":{"line":42,"column":16},"end":{"line":42,"column":22}},"24":{"start":{"line":45,"column":4},"end":{"line":45,"column":16}},"25":{"start":{"line":47,"column":0},"end":{"line":47,"column":38}}},"fnMap":{"0":{"name":"(anonymous_0)","decl":{"start":{"line":7,"column":1},"end":{"line":7,"column":2}},"loc":{"start":{"line":7,"column":28},"end":{"line":9,"column":1}},"line":7},"1":{"name":"CompareMethod","decl":{"start":{"line":15,"column":9},"end":{"line":15,"column":22}},"loc":{"start":{"line":15,"column":45},"end":{"line":46,"column":1}},"line":15}},"branchMap":{"0":{"loc":{"start":{"line":9,"column":21},"end":{"line":9,"column":78}},"type":"binary-expr","locations":[{"start":{"line":9,"column":21},"end":{"line":9,"column":44}},{"start":{"line":9,"column":49},"end":{"line":9,"column":77}}],"line":9},"1":{"loc":{"start":{"line":17,"column":4},"end":{"line":19,"column":5}},"type":"if","locations":[{"start":{"line":17,"column":4},"end":{"line":19,"column":5}},{"start":{},"end":{}}],"line":17},"2":{"loc":{"start":{"line":17,"column":8},"end":{"line":17,"column":140}},"type":"binary-expr","locations":[{"start":{"line":17,"column":8},"end":{"line":17,"column":72}},{"start":{"line":17,"column":76},"end":{"line":17,"column":140}}],"line":17},"3":{"loc":{"start":{"line":20,"column":28},"end":{"line":20,"column":93}},"type":"cond-expr","locations":[{"start":{"line":20,"column":86},"end":{"line":20,"column":88}},{"start":{"line":20,"column":91},"end":{"line":20,"column":93}}],"line":20},"4":{"loc":{"start":{"line":20,"column":28},"end":{"line":20,"column":83}},"type":"binary-expr","locations":[{"start":{"line":20,"column":28},"end":{"line":20,"column":66}},{"start":{"line":20,"column":70},"end":{"line":20,"column":83}}],"line":20},"5":{"loc":{"start":{"line":21,"column":28},"end":{"line":21,"column":93}},"type":"cond-expr","locations":[{"start":{"line":21,"column":86},"end":{"line":21,"column":88}},{"start":{"line":21,"column":91},"end":{"line":21,"column":93}}],"line":21},"6":{"loc":{"start":{"line":21,"column":28},"end":{"line":21,"column":83}},"type":"binary-expr","locations":[{"start":{"line":21,"column":28},"end":{"line":21,"column":66}},{"start":{"line":21,"column":70},"end":{"line":21,"column":83}}],"line":21},"7":{"loc":{"start":{"line":22,"column":4},"end":{"line":24,"column":5}},"type":"if","locations":[{"start":{"line":22,"column":4},"end":{"line":24,"column":5}},{"start":{},"end":{}}],"line":22},"8":{"loc":{"start":{"line":22,"column":8},"end":{"line":22,"column":110}},"type":"binary-expr","locations":[{"start":{"line":22,"column":8},"end":{"line":22,"column":57}},{"start":{"line":22,"column":61},"end":{"line":22,"column":110}}],"line":22},"9":{"loc":{"start":{"line":25,"column":4},"end":{"line":27,"column":5}},"type":"if","locations":[{"start":{"line":25,"column":4},"end":{"line":27,"column":5}},{"start":{},"end":{}}],"line":25},"10":{"loc":{"start":{"line":28,"column":4},"end":{"line":30,"column":5}},"type":"if","locations":[{"start":{"line":28,"column":4},"end":{"line":30,"column":5}},{"start":{},"end":{}}],"line":28},"11":{"loc":{"start":{"line":28,"column":8},"end":{"line":28,"column":58}},"type":"binary-expr","locations":[{"start":{"line":28,"column":8},"end":{"line":28,"column":31}},{"start":{"line":28,"column":35},"end":{"line":28,"column":58}}],"line":28},"12":{"loc":{"start":{"line":32,"column":8},"end":{"line":43,"column":9}},"type":"switch","locations":[{"start":{"line":33,"column":12},"end":{"line":37,"column":22}},{"start":{"line":38,"column":12},"end":{"line":42,"column":22}}],"line":32},"13":{"loc":{"start":{"line":34,"column":16},"end":{"line":36,"column":17}},"type":"if","locations":[{"start":{"line":34,"column":16},"end":{"line":36,"column":17}},{"start":{},"end":{}}],"line":34},"14":{"loc":{"start":{"line":39,"column":16},"end":{"line":41,"column":17}},"type":"if","locations":[{"start":{"line":39,"column":16},"end":{"line":41,"column":17}},{"start":{},"end":{}}],"line":39}},"s":{"0":52,"1":52,"2":52,"3":52,"4":52,"5":52,"6":5124,"7":0,"8":5124,"9":5124,"10":5124,"11":0,"12":5124,"13":0,"14":5124,"15":2,"16":5122,"17":10779,"18":2,"19":0,"20":2,"21":10777,"22":3746,"23":7031,"24":1376,"25":52},"f":{"0":52,"1":5124},"b":{"0":[52,52],"1":[0,5124],"2":[5124,5124],"3":[5124,0],"4":[5124,5124],"5":[5124,0],"6":[5124,5124],"7":[0,5124],"8":[5124,5124],"9":[0,5124],"10":[2,5122],"11":[5124,2],"12":[2,10777],"13":[0,2],"14":[3746,7031]},"inputSourceMap":null,"_coverageSchema":"1a1c01bbd47fc00a2c39e90264f33305004495a9","hash":"a3c06d58a70eba4c0b2b0ace449abca4e0edcc7c"}
,"/Users/ivankarbashevskyi/Projects/Organizations/p4ck439/ts-is/lib/methods/empty-object.method.js": {"path":"/Users/ivankarbashevskyi/Projects/Organizations/p4ck439/ts-is/lib/methods/empty-object.method.js","statementMap":{"0":{"start":{"line":2,"column":0},"end":{"line":2,"column":62}},"1":{"start":{"line":3,"column":0},"end":{"line":3,"column":35}},"2":{"start":{"line":4,"column":23},"end":{"line":4,"column":48}},"3":{"start":{"line":5,"column":24},"end":{"line":5,"column":50}},"4":{"start":{"line":11,"column":4},"end":{"line":13,"column":5}},"5":{"start":{"line":12,"column":8},"end":{"line":12,"column":57}},"6":{"start":{"line":14,"column":4},"end":{"line":14,"column":17}},"7":{"start":{"line":16,"column":0},"end":{"line":16,"column":46}}},"fnMap":{"0":{"name":"EmptyObjectMethod","decl":{"start":{"line":10,"column":9},"end":{"line":10,"column":26}},"loc":{"start":{"line":10,"column":37},"end":{"line":15,"column":1}},"line":10}},"branchMap":{"0":{"loc":{"start":{"line":11,"column":4},"end":{"line":13,"column":5}},"type":"if","locations":[{"start":{"line":11,"column":4},"end":{"line":13,"column":5}},{"start":{},"end":{}}],"line":11}},"s":{"0":51,"1":51,"2":51,"3":51,"4":106,"5":28,"6":78,"7":51},"f":{"0":106},"b":{"0":[28,78]},"inputSourceMap":null,"_coverageSchema":"1a1c01bbd47fc00a2c39e90264f33305004495a9","hash":"49e16a20a56247cdb7ec32d2127ef85467c0c15d"}
,"/Users/ivankarbashevskyi/Projects/Organizations/p4ck439/ts-is/lib/methods/empty-string.method.js": {"path":"/Users/ivankarbashevskyi/Projects/Organizations/p4ck439/ts-is/lib/methods/empty-string.method.js","statementMap":{"0":{"start":{"line":2,"column":0},"end":{"line":2,"column":62}},"1":{"start":{"line":3,"column":0},"end":{"line":3,"column":35}},"2":{"start":{"line":4,"column":23},"end":{"line":4,"column":48}},"3":{"start":{"line":5,"column":24},"end":{"line":5,"column":50}},"4":{"start":{"line":11,"column":4},"end":{"line":13,"column":5}},"5":{"start":{"line":12,"column":8},"end":{"line":12,"column":57}},"6":{"start":{"line":14,"column":4},"end":{"line":14,"column":17}},"7":{"start":{"line":16,"column":0},"end":{"line":16,"column":46}}},"fnMap":{"0":{"name":"EmptyStringMethod","decl":{"start":{"line":10,"column":9},"end":{"line":10,"column":26}},"loc":{"start":{"line":10,"column":37},"end":{"line":15,"column":1}},"line":10}},"branchMap":{"0":{"loc":{"start":{"line":11,"column":4},"end":{"line":13,"column":5}},"type":"if","locations":[{"start":{"line":11,"column":4},"end":{"line":13,"column":5}},{"start":{},"end":{}}],"line":11}},"s":{"0":51,"1":51,"2":51,"3":51,"4":97,"5":35,"6":62,"7":51},"f":{"0":97},"b":{"0":[35,62]},"inputSourceMap":null,"_coverageSchema":"1a1c01bbd47fc00a2c39e90264f33305004495a9","hash":"4652083ddc740b4e23bb8e5ad3882d2ff81ca9a1"}
,"/Users/ivankarbashevskyi/Projects/Organizations/p4ck439/ts-is/lib/methods/empty.method.js": {"path":"/Users/ivankarbashevskyi/Projects/Organizations/p4ck439/ts-is/lib/methods/empty.method.js","statementMap":{"0":{"start":{"line":2,"column":0},"end":{"line":2,"column":62}},"1":{"start":{"line":3,"column":0},"end":{"line":3,"column":29}},"2":{"start":{"line":4,"column":35},"end":{"line":4,"column":72}},"3":{"start":{"line":5,"column":25},"end":{"line":5,"column":52}},"4":{"start":{"line":6,"column":24},"end":{"line":6,"column":50}},"5":{"start":{"line":7,"column":24},"end":{"line":7,"column":50}},"6":{"start":{"line":8,"column":26},"end":{"line":8,"column":54}},"7":{"start":{"line":16,"column":4},"end":{"line":18,"column":5}},"8":{"start":{"line":17,"column":8},"end":{"line":17,"column":20}},"9":{"start":{"line":20,"column":4},"end":{"line":22,"column":5}},"10":{"start":{"line":21,"column":8},"end":{"line":21,"column":21}},"11":{"start":{"line":24,"column":4},"end":{"line":26,"column":5}},"12":{"start":{"line":25,"column":8},"end":{"line":25,"column":21}},"13":{"start":{"line":28,"column":4},"end":{"line":30,"column":5}},"14":{"start":{"line":29,"column":8},"end":{"line":29,"column":21}},"15":{"start":{"line":32,"column":4},"end":{"line":34,"column":5}},"16":{"start":{"line":33,"column":8},"end":{"line":33,"column":21}},"17":{"start":{"line":35,"column":4},"end":{"line":35,"column":95}},"18":{"start":{"line":37,"column":0},"end":{"line":37,"column":34}}},"fnMap":{"0":{"name":"EmptyMethod","decl":{"start":{"line":13,"column":9},"end":{"line":13,"column":20}},"loc":{"start":{"line":13,"column":31},"end":{"line":36,"column":1}},"line":13}},"branchMap":{"0":{"loc":{"start":{"line":16,"column":4},"end":{"line":18,"column":5}},"type":"if","locations":[{"start":{"line":16,"column":4},"end":{"line":18,"column":5}},{"start":{},"end":{}}],"line":16},"1":{"loc":{"start":{"line":20,"column":4},"end":{"line":22,"column":5}},"type":"if","locations":[{"start":{"line":20,"column":4},"end":{"line":22,"column":5}},{"start":{},"end":{}}],"line":20},"2":{"loc":{"start":{"line":24,"column":4},"end":{"line":26,"column":5}},"type":"if","locations":[{"start":{"line":24,"column":4},"end":{"line":26,"column":5}},{"start":{},"end":{}}],"line":24},"3":{"loc":{"start":{"line":28,"column":4},"end":{"line":30,"column":5}},"type":"if","locations":[{"start":{"line":28,"column":4},"end":{"line":30,"column":5}},{"start":{},"end":{}}],"line":28},"4":{"loc":{"start":{"line":32,"column":4},"end":{"line":34,"column":5}},"type":"if","locations":[{"start":{"line":32,"column":4},"end":{"line":34,"column":5}},{"start":{},"end":{}}],"line":32},"5":{"loc":{"start":{"line":35,"column":12},"end":{"line":35,"column":87}},"type":"cond-expr","locations":[{"start":{"line":35,"column":69},"end":{"line":35,"column":75}},{"start":{"line":35,"column":78},"end":{"line":35,"column":87}}],"line":35},"6":{"loc":{"start":{"line":35,"column":12},"end":{"line":35,"column":66}},"type":"binary-expr","locations":[{"start":{"line":35,"column":12},"end":{"line":35,"column":49}},{"start":{"line":35,"column":53},"end":{"line":35,"column":66}}],"line":35}},"s":{"0":51,"1":51,"2":51,"3":51,"4":51,"5":51,"6":51,"7":105,"8":4,"9":101,"10":4,"11":97,"12":2,"13":95,"14":2,"15":93,"16":8,"17":85,"18":51},"f":{"0":105},"b":{"0":[4,101],"1":[4,97],"2":[2,95],"3":[2,93],"4":[8,85],"5":[0,85],"6":[85,85]},"inputSourceMap":null,"_coverageSchema":"1a1c01bbd47fc00a2c39e90264f33305004495a9","hash":"55f358d7d7cb2ff454f52e62fd5c8ab98bd6f673"}
,"/Users/ivankarbashevskyi/Projects/Organizations/p4ck439/ts-is/lib/methods/false.method.js": {"path":"/Users/ivankarbashevskyi/Projects/Organizations/p4ck439/ts-is/lib/methods/false.method.js","statementMap":{"0":{"start":{"line":2,"column":0},"end":{"line":2,"column":62}},"1":{"start":{"line":3,"column":0},"end":{"line":3,"column":29}},"2":{"start":{"line":9,"column":4},"end":{"line":9,"column":30}},"3":{"start":{"line":11,"column":0},"end":{"line":11,"column":34}}},"fnMap":{"0":{"name":"FalseMethod","decl":{"start":{"line":8,"column":9},"end":{"line":8,"column":20}},"loc":{"start":{"line":8,"column":31},"end":{"line":10,"column":1}},"line":8}},"branchMap":{},"s":{"0":51,"1":51,"2":101,"3":51},"f":{"0":101},"b":{},"inputSourceMap":null,"_coverageSchema":"1a1c01bbd47fc00a2c39e90264f33305004495a9","hash":"43e047e2f1cdbc007bc434fb3c4681943d02378a"}
,"/Users/ivankarbashevskyi/Projects/Organizations/p4ck439/ts-is/lib/methods/falsy.method.js": {"path":"/Users/ivankarbashevskyi/Projects/Organizations/p4ck439/ts-is/lib/methods/falsy.method.js","statementMap":{"0":{"start":{"line":2,"column":0},"end":{"line":2,"column":62}},"1":{"start":{"line":3,"column":0},"end":{"line":3,"column":29}},"2":{"start":{"line":9,"column":4},"end":{"line":9,"column":21}},"3":{"start":{"line":11,"column":0},"end":{"line":11,"column":34}}},"fnMap":{"0":{"name":"FalsyMethod","decl":{"start":{"line":8,"column":9},"end":{"line":8,"column":20}},"loc":{"start":{"line":8,"column":31},"end":{"line":10,"column":1}},"line":8}},"branchMap":{},"s":{"0":51,"1":51,"2":80,"3":51},"f":{"0":80},"b":{},"inputSourceMap":null,"_coverageSchema":"1a1c01bbd47fc00a2c39e90264f33305004495a9","hash":"a6f029bb64babbb42d822fb0f2d38fee5bf8b0d4"}
,"/Users/ivankarbashevskyi/Projects/Organizations/p4ck439/ts-is/lib/methods/function.method.js": {"path":"/Users/ivankarbashevskyi/Projects/Organizations/p4ck439/ts-is/lib/methods/function.method.js","statementMap":{"0":{"start":{"line":2,"column":0},"end":{"line":2,"column":62}},"1":{"start":{"line":3,"column":0},"end":{"line":3,"column":32}},"2":{"start":{"line":8,"column":4},"end":{"line":8,"column":62}},"3":{"start":{"line":10,"column":0},"end":{"line":10,"column":40}}},"fnMap":{"0":{"name":"FunctionMethod","decl":{"start":{"line":7,"column":9},"end":{"line":7,"column":23}},"loc":{"start":{"line":7,"column":34},"end":{"line":9,"column":1}},"line":7}},"branchMap":{},"s":{"0":52,"1":52,"2":11160,"3":52},"f":{"0":11160},"b":{},"inputSourceMap":null,"_coverageSchema":"1a1c01bbd47fc00a2c39e90264f33305004495a9","hash":"459c42445e2b0c0b54f0c8c03e101a2559799795"}
,"/Users/ivankarbashevskyi/Projects/Organizations/p4ck439/ts-is/lib/methods/index.js": {"path":"/Users/ivankarbashevskyi/Projects/Organizations/p4ck439/ts-is/lib/methods/index.js","statementMap":{"0":{"start":{"line":2,"column":0},"end":{"line":2,"column":62}},"1":{"start":{"line":3,"column":0},"end":{"line":3,"column":25}},"2":{"start":{"line":4,"column":25},"end":{"line":4,"column":52}},"3":{"start":{"line":5,"column":30},"end":{"line":5,"column":62}},"4":{"start":{"line":6,"column":30},"end":{"line":6,"column":62}},"5":{"start":{"line":7,"column":23},"end":{"line":7,"column":48}},"6":{"start":{"line":8,"column":22},"end":{"line":8,"column":46}},"7":{"start":{"line":9,"column":35},"end":{"line":9,"column":72}},"8":{"start":{"line":10,"column":44},"end":{"line":10,"column":90}},"9":{"start":{"line":11,"column":24},"end":{"line":11,"column":50}},"10":{"start":{"line":12,"column":22},"end":{"line":12,"column":46}},"11":{"start":{"line":13,"column":27},"end":{"line":13,"column":56}},"12":{"start":{"line":14,"column":23},"end":{"line":14,"column":48}},"13":{"start":{"line":15,"column":23},"end":{"line":15,"column":48}},"14":{"start":{"line":16,"column":24},"end":{"line":16,"column":50}},"15":{"start":{"line":17,"column":24},"end":{"line":17,"column":50}},"16":{"start":{"line":18,"column":25},"end":{"line":18,"column":52}},"17":{"start":{"line":19,"column":24},"end":{"line":19,"column":50}},"18":{"start":{"line":20,"column":24},"end":{"line":20,"column":50}},"19":{"start":{"line":21,"column":26},"end":{"line":21,"column":54}},"20":{"start":{"line":22,"column":28},"end":{"line":22,"column":58}},"21":{"start":{"line":23,"column":23},"end":{"line":23,"column":48}},"22":{"start":{"line":24,"column":23},"end":{"line":24,"column":48}},"23":{"start":{"line":28,"column":0},"end":{"line":50,"column":2}}},"fnMap":{},"branchMap":{},"s":{"0":51,"1":51,"2":51,"3":51,"4":51,"5":51,"6":51,"7":51,"8":51,"9":51,"10":51,"11":51,"12":51,"13":51,"14":51,"15":51,"16":51,"17":51,"18":51,"19":51,"20":51,"21":51,"22":51,"23":51},"f":{},"b":{},"inputSourceMap":null,"_coverageSchema":"1a1c01bbd47fc00a2c39e90264f33305004495a9","hash":"d49f4824374dc5c69caaa6bf1c8d5a94d33636d8"}
,"/Users/ivankarbashevskyi/Projects/Organizations/p4ck439/ts-is/lib/methods/instanceof.method.js": {"path":"/Users/ivankarbashevskyi/Projects/Organizations/p4ck439/ts-is/lib/methods/instanceof.method.js","statementMap":{"0":{"start":{"line":2,"column":0},"end":{"line":2,"column":62}},"1":{"start":{"line":3,"column":0},"end":{"line":3,"column":34}},"2":{"start":{"line":10,"column":4},"end":{"line":10,"column":40}},"3":{"start":{"line":12,"column":0},"end":{"line":12,"column":44}}},"fnMap":{"0":{"name":"InstanceofMethod","decl":{"start":{"line":9,"column":9},"end":{"line":9,"column":25}},"loc":{"start":{"line":9,"column":46},"end":{"line":11,"column":1}},"line":9}},"branchMap":{},"s":{"0":51,"1":51,"2":151,"3":51},"f":{"0":151},"b":{},"inputSourceMap":null,"_coverageSchema":"1a1c01bbd47fc00a2c39e90264f33305004495a9","hash":"5ecacc2f00ce82b671fc37b571d643f01cb8c5d6"}
,"/Users/ivankarbashevskyi/Projects/Organizations/p4ck439/ts-is/lib/methods/null-or-undefined-or-empty.method.js": {"path":"/Users/ivankarbashevskyi/Projects/Organizations/p4ck439/ts-is/lib/methods/null-or-undefined-or-empty.method.js","statementMap":{"0":{"start":{"line":2,"column":0},"end":{"line":2,"column":62}},"1":{"start":{"line":3,"column":0},"end":{"line":3,"column":46}},"2":{"start":{"line":4,"column":23},"end":{"line":4,"column":48}},"3":{"start":{"line":10,"column":4},"end":{"line":10,"column":53}},"4":{"start":{"line":12,"column":0},"end":{"line":12,"column":68}}},"fnMap":{"0":{"name":"NullOrUndefinedOrEmptyMethod","decl":{"start":{"line":9,"column":9},"end":{"line":9,"column":37}},"loc":{"start":{"line":9,"column":48},"end":{"line":11,"column":1}},"line":9}},"branchMap":{},"s":{"0":51,"1":51,"2":51,"3":42,"4":51},"f":{"0":42},"b":{},"inputSourceMap":null,"_coverageSchema":"1a1c01bbd47fc00a2c39e90264f33305004495a9","hash":"dcf138fa4a88aa66b1be9ef9d548df68aa1d7c4e"}
,"/Users/ivankarbashevskyi/Projects/Organizations/p4ck439/ts-is/lib/methods/null-or-undefined.method.js": {"path":"/Users/ivankarbashevskyi/Projects/Organizations/p4ck439/ts-is/lib/methods/null-or-undefined.method.js","statementMap":{"0":{"start":{"line":2,"column":0},"end":{"line":2,"column":62}},"1":{"start":{"line":3,"column":0},"end":{"line":3,"column":39}},"2":{"start":{"line":8,"column":22},"end":{"line":8,"column":46}},"3":{"start":{"line":9,"column":27},"end":{"line":9,"column":56}},"4":{"start":{"line":11,"column":4},"end":{"line":11,"column":104}},"5":{"start":{"line":13,"column":0},"end":{"line":13,"column":54}}},"fnMap":{"0":{"name":"NullOrUndefinedMethod","decl":{"start":{"line":10,"column":9},"end":{"line":10,"column":30}},"loc":{"start":{"line":10,"column":41},"end":{"line":12,"column":1}},"line":10}},"branchMap":{"0":{"loc":{"start":{"line":11,"column":11},"end":{"line":11,"column":103}},"type":"binary-expr","locations":[{"start":{"line":11,"column":11},"end":{"line":11,"column":50}},{"start":{"line":11,"column":54},"end":{"line":11,"column":103}}],"line":11}},"s":{"0":52,"1":52,"2":52,"3":52,"4":10391,"5":52},"f":{"0":10391},"b":{"0":[10391,10387]},"inputSourceMap":null,"_coverageSchema":"1a1c01bbd47fc00a2c39e90264f33305004495a9","hash":"18a5093b621070d6ea532d8a9ce2c3ca34970805"}
,"/Users/ivankarbashevskyi/Projects/Organizations/p4ck439/ts-is/lib/methods/null.method.js": {"path":"/Users/ivankarbashevskyi/Projects/Organizations/p4ck439/ts-is/lib/methods/null.method.js","statementMap":{"0":{"start":{"line":2,"column":0},"end":{"line":2,"column":62}},"1":{"start":{"line":3,"column":0},"end":{"line":3,"column":28}},"2":{"start":{"line":9,"column":4},"end":{"line":9,"column":29}},"3":{"start":{"line":11,"column":0},"end":{"line":11,"column":32}}},"fnMap":{"0":{"name":"NullMethod","decl":{"start":{"line":8,"column":9},"end":{"line":8,"column":19}},"loc":{"start":{"line":8,"column":30},"end":{"line":10,"column":1}},"line":8}},"branchMap":{},"s":{"0":52,"1":52,"2":10553,"3":52},"f":{"0":10553},"b":{},"inputSourceMap":null,"_coverageSchema":"1a1c01bbd47fc00a2c39e90264f33305004495a9","hash":"e88a8a0b8465dd40549fd398d1d84992cc2d4547"}
,"/Users/ivankarbashevskyi/Projects/Organizations/p4ck439/ts-is/lib/methods/number.method.js": {"path":"/Users/ivankarbashevskyi/Projects/Organizations/p4ck439/ts-is/lib/methods/number.method.js","statementMap":{"0":{"start":{"line":2,"column":0},"end":{"line":2,"column":62}},"1":{"start":{"line":3,"column":0},"end":{"line":3,"column":30}},"2":{"start":{"line":9,"column":4},"end":{"line":9,"column":60}},"3":{"start":{"line":11,"column":0},"end":{"line":11,"column":36}}},"fnMap":{"0":{"name":"NumberMethod","decl":{"start":{"line":8,"column":9},"end":{"line":8,"column":21}},"loc":{"start":{"line":8,"column":32},"end":{"line":10,"column":1}},"line":8}},"branchMap":{"0":{"loc":{"start":{"line":9,"column":11},"end":{"line":9,"column":59}},"type":"binary-expr","locations":[{"start":{"line":9,"column":11},"end":{"line":9,"column":39}},{"start":{"line":9,"column":43},"end":{"line":9,"column":59}}],"line":9}},"s":{"0":51,"1":51,"2":196,"3":51},"f":{"0":196},"b":{"0":[196,31]},"inputSourceMap":null,"_coverageSchema":"1a1c01bbd47fc00a2c39e90264f33305004495a9","hash":"5a3de7e31d1f817b987169bf9b241a421d94bb03"}
,"/Users/ivankarbashevskyi/Projects/Organizations/p4ck439/ts-is/lib/methods/object.method.js": {"path":"/Users/ivankarbashevskyi/Projects/Organizations/p4ck439/ts-is/lib/methods/object.method.js","statementMap":{"0":{"start":{"line":2,"column":0},"end":{"line":2,"column":62}},"1":{"start":{"line":3,"column":0},"end":{"line":3,"column":30}},"2":{"start":{"line":4,"column":23},"end":{"line":4,"column":48}},"3":{"start":{"line":5,"column":22},"end":{"line":5,"column":46}},"4":{"start":{"line":11,"column":4},"end":{"line":11,"column":130}},"5":{"start":{"line":13,"column":0},"end":{"line":13,"column":36}}},"fnMap":{"0":{"name":"ObjectMethod","decl":{"start":{"line":10,"column":9},"end":{"line":10,"column":21}},"loc":{"start":{"line":10,"column":32},"end":{"line":12,"column":1}},"line":10}},"branchMap":{"0":{"loc":{"start":{"line":11,"column":11},"end":{"line":11,"column":129}},"type":"binary-expr","locations":[{"start":{"line":11,"column":11},"end":{"line":11,"column":39}},{"start":{"line":11,"column":43},"end":{"line":11,"column":85}},{"start":{"line":11,"column":89},"end":{"line":11,"column":129}}],"line":11}},"s":{"0":51,"1":51,"2":51,"3":51,"4":213,"5":51},"f":{"0":213},"b":{"0":[213,71,63]},"inputSourceMap":null,"_coverageSchema":"1a1c01bbd47fc00a2c39e90264f33305004495a9","hash":"d842fccdbe704318afbb0eafd7ddcfa1ff15e1e9"}
,"/Users/ivankarbashevskyi/Projects/Organizations/p4ck439/ts-is/lib/methods/string.method.js": {"path":"/Users/ivankarbashevskyi/Projects/Organizations/p4ck439/ts-is/lib/methods/string.method.js","statementMap":{"0":{"start":{"line":2,"column":0},"end":{"line":2,"column":62}},"1":{"start":{"line":3,"column":0},"end":{"line":3,"column":30}},"2":{"start":{"line":9,"column":4},"end":{"line":9,"column":40}},"3":{"start":{"line":11,"column":0},"end":{"line":11,"column":36}}},"fnMap":{"0":{"name":"StringMethod","decl":{"start":{"line":8,"column":9},"end":{"line":8,"column":21}},"loc":{"start":{"line":8,"column":32},"end":{"line":10,"column":1}},"line":8}},"branchMap":{},"s":{"0":51,"1":51,"2":188,"3":51},"f":{"0":188},"b":{},"inputSourceMap":null,"_coverageSchema":"1a1c01bbd47fc00a2c39e90264f33305004495a9","hash":"edb98e3d6db7453c9a69580ae029292c252c0ef7"}
,"/Users/ivankarbashevskyi/Projects/Organizations/p4ck439/ts-is/lib/methods/symbol.method.js": {"path":"/Users/ivankarbashevskyi/Projects/Organizations/p4ck439/ts-is/lib/methods/symbol.method.js","statementMap":{"0":{"start":{"line":2,"column":0},"end":{"line":2,"column":62}},"1":{"start":{"line":3,"column":0},"end":{"line":3,"column":30}},"2":{"start":{"line":9,"column":4},"end":{"line":9,"column":40}},"3":{"start":{"line":11,"column":0},"end":{"line":11,"column":36}}},"fnMap":{"0":{"name":"SymbolMethod","decl":{"start":{"line":8,"column":9},"end":{"line":8,"column":21}},"loc":{"start":{"line":8,"column":32},"end":{"line":10,"column":1}},"line":8}},"branchMap":{},"s":{"0":51,"1":51,"2":99,"3":51},"f":{"0":99},"b":{},"inputSourceMap":null,"_coverageSchema":"1a1c01bbd47fc00a2c39e90264f33305004495a9","hash":"6bfb575542d777ca472d9109da936e4136087349"}
,"/Users/ivankarbashevskyi/Projects/Organizations/p4ck439/ts-is/lib/methods/true.method.js": {"path":"/Users/ivankarbashevskyi/Projects/Organizations/p4ck439/ts-is/lib/methods/true.method.js","statementMap":{"0":{"start":{"line":2,"column":0},"end":{"line":2,"column":62}},"1":{"start":{"line":3,"column":0},"end":{"line":3,"column":28}},"2":{"start":{"line":9,"column":4},"end":{"line":9,"column":29}},"3":{"start":{"line":11,"column":0},"end":{"line":11,"column":32}}},"fnMap":{"0":{"name":"TrueMethod","decl":{"start":{"line":8,"column":9},"end":{"line":8,"column":19}},"loc":{"start":{"line":8,"column":30},"end":{"line":10,"column":1}},"line":8}},"branchMap":{},"s":{"0":51,"1":51,"2":101,"3":51},"f":{"0":101},"b":{},"inputSourceMap":null,"_coverageSchema":"1a1c01bbd47fc00a2c39e90264f33305004495a9","hash":"398a38d199dc369d0411e9387b4fa4cc89a14b94"}
,"/Users/ivankarbashevskyi/Projects/Organizations/p4ck439/ts-is/lib/methods/truth.method.js": {"path":"/Users/ivankarbashevskyi/Projects/Organizations/p4ck439/ts-is/lib/methods/truth.method.js","statementMap":{"0":{"start":{"line":2,"column":0},"end":{"line":2,"column":62}},"1":{"start":{"line":3,"column":0},"end":{"line":3,"column":29}},"2":{"start":{"line":4,"column":23},"end":{"line":4,"column":48}},"3":{"start":{"line":10,"column":4},"end":{"line":10,"column":54}},"4":{"start":{"line":12,"column":0},"end":{"line":12,"column":34}}},"fnMap":{"0":{"name":"TruthMethod","decl":{"start":{"line":9,"column":9},"end":{"line":9,"column":20}},"loc":{"start":{"line":9,"column":31},"end":{"line":11,"column":1}},"line":9}},"branchMap":{},"s":{"0":51,"1":51,"2":51,"3":40,"4":51},"f":{"0":40},"b":{},"inputSourceMap":null,"_coverageSchema":"1a1c01bbd47fc00a2c39e90264f33305004495a9","hash":"efbe9b560723684e70bbcb6a38c696d68ce64dd9"}
,"/Users/ivankarbashevskyi/Projects/Organizations/p4ck439/ts-is/lib/methods/undefined.method.js": {"path":"/Users/ivankarbashevskyi/Projects/Organizations/p4ck439/ts-is/lib/methods/undefined.method.js","statementMap":{"0":{"start":{"line":2,"column":0},"end":{"line":2,"column":62}},"1":{"start":{"line":3,"column":0},"end":{"line":3,"column":33}},"2":{"start":{"line":9,"column":4},"end":{"line":9,"column":34}},"3":{"start":{"line":11,"column":0},"end":{"line":11,"column":42}}},"fnMap":{"0":{"name":"UndefinedMethod","decl":{"start":{"line":8,"column":9},"end":{"line":8,"column":24}},"loc":{"start":{"line":8,"column":35},"end":{"line":10,"column":1}},"line":8}},"branchMap":{},"s":{"0":52,"1":52,"2":10484,"3":52},"f":{"0":10484},"b":{},"inputSourceMap":null,"_coverageSchema":"1a1c01bbd47fc00a2c39e90264f33305004495a9","hash":"13162b3732254998c2c14411fce7b92db586f12d"}
,"/Users/ivankarbashevskyi/Projects/Organizations/p4ck439/ts-is/lib/tools/find-key.tool.js": {"path":"/Users/ivankarbashevskyi/Projects/Organizations/p4ck439/ts-is/lib/tools/find-key.tool.js","statementMap":{"0":{"start":{"line":2,"column":0},"end":{"line":2,"column":62}},"1":{"start":{"line":3,"column":0},"end":{"line":3,"column":25}},"2":{"start":{"line":4,"column":25},"end":{"line":4,"column":61}},"3":{"start":{"line":7,"column":4},"end":{"line":11,"column":5}},"4":{"start":{"line":8,"column":8},"end":{"line":10,"column":9}},"5":{"start":{"line":9,"column":12},"end":{"line":9,"column":23}},"6":{"start":{"line":12,"column":4},"end":{"line":12,"column":16}},"7":{"start":{"line":14,"column":0},"end":{"line":14,"column":26}}},"fnMap":{"0":{"name":"findKey","decl":{"start":{"line":6,"column":9},"end":{"line":6,"column":16}},"loc":{"start":{"line":6,"column":32},"end":{"line":13,"column":1}},"line":6}},"branchMap":{"0":{"loc":{"start":{"line":8,"column":8},"end":{"line":10,"column":9}},"type":"if","locations":[{"start":{"line":8,"column":8},"end":{"line":10,"column":9}},{"start":{},"end":{}}],"line":8}},"s":{"0":52,"1":52,"2":52,"3":1371,"4":5114,"5":1370,"6":1,"7":52},"f":{"0":1371},"b":{"0":[1370,3744]},"inputSourceMap":null,"_coverageSchema":"1a1c01bbd47fc00a2c39e90264f33305004495a9","hash":"63a2a11d4e14d9854c634e9505691fbf3e8ad52d"}
,"/Users/ivankarbashevskyi/Projects/Organizations/p4ck439/ts-is/lib/wrappers/index.js": {"path":"/Users/ivankarbashevskyi/Projects/Organizations/p4ck439/ts-is/lib/wrappers/index.js","statementMap":{"0":{"start":{"line":2,"column":0},"end":{"line":2,"column":62}},"1":{"start":{"line":3,"column":0},"end":{"line":3,"column":80}},"2":{"start":{"line":4,"column":22},"end":{"line":4,"column":52}},"3":{"start":{"line":5,"column":22},"end":{"line":5,"column":53}},"4":{"start":{"line":6,"column":0},"end":{"line":8,"column":2}},"5":{"start":{"line":9,"column":0},"end":{"line":11,"column":2}},"6":{"start":{"line":29,"column":0},"end":{"line":29,"column":27}}},"fnMap":{},"branchMap":{},"s":{"0":51,"1":51,"2":51,"3":51,"4":51,"5":51,"6":51},"f":{},"b":{},"inputSourceMap":null,"_coverageSchema":"1a1c01bbd47fc00a2c39e90264f33305004495a9","hash":"2dac87445445a8ef5d54e8cdd89032ac43b2b251"}
,"/Users/ivankarbashevskyi/Projects/Organizations/p4ck439/ts-is/lib/wrappers/after/not.wrapper.js": {"path":"/Users/ivankarbashevskyi/Projects/Organizations/p4ck439/ts-is/lib/wrappers/after/not.wrapper.js","statementMap":{"0":{"start":{"line":2,"column":0},"end":{"line":2,"column":62}},"1":{"start":{"line":3,"column":0},"end":{"line":3,"column":28}},"2":{"start":{"line":8,"column":19},"end":{"line":10,"column":1}},"3":{"start":{"line":9,"column":4},"end":{"line":9,"column":19}},"4":{"start":{"line":11,"column":0},"end":{"line":11,"column":32}}},"fnMap":{"0":{"name":"(anonymous_0)","decl":{"start":{"line":8,"column":19},"end":{"line":8,"column":20}},"loc":{"start":{"line":8,"column":31},"end":{"line":10,"column":1}},"line":8}},"branchMap":{},"s":{"0":51,"1":51,"2":51,"3":960,"4":51},"f":{"0":960},"b":{},"inputSourceMap":null,"_coverageSchema":"1a1c01bbd47fc00a2c39e90264f33305004495a9","hash":"73994f259042e70c1dee1c41a2a9594297e92ab4"}
,"/Users/ivankarbashevskyi/Projects/Organizations/p4ck439/ts-is/lib/wrappers/before/all.wrapper.js": {"path":"/Users/ivankarbashevskyi/Projects/Organizations/p4ck439/ts-is/lib/wrappers/before/all.wrapper.js","statementMap":{"0":{"start":{"line":2,"column":0},"end":{"line":2,"column":62}},"1":{"start":{"line":3,"column":0},"end":{"line":3,"column":28}},"2":{"start":{"line":4,"column":23},"end":{"line":4,"column":60}},"3":{"start":{"line":12,"column":19},"end":{"line":22,"column":1}},"4":{"start":{"line":13,"column":20},"end":{"line":20,"column":5}},"5":{"start":{"line":14,"column":8},"end":{"line":19,"column":11}},"6":{"start":{"line":15,"column":12},"end":{"line":17,"column":13}},"7":{"start":{"line":16,"column":16},"end":{"line":16,"column":44}},"8":{"start":{"line":18,"column":12},"end":{"line":18,"column":68}},"9":{"start":{"line":21,"column":4},"end":{"line":21,"column":37}},"10":{"start":{"line":23,"column":0},"end":{"line":23,"column":32}}},"fnMap":{"0":{"name":"(anonymous_0)","decl":{"start":{"line":12,"column":19},"end":{"line":12,"column":20}},"loc":{"start":{"line":12,"column":82},"end":{"line":22,"column":1}},"line":12},"1":{"name":"(anonymous_1)","decl":{"start":{"line":13,"column":20},"end":{"line":13,"column":21}},"loc":{"start":{"line":13,"column":33},"end":{"line":20,"column":5}},"line":13},"2":{"name":"(anonymous_2)","decl":{"start":{"line":14,"column":26},"end":{"line":14,"column":27}},"loc":{"start":{"line":14,"column":40},"end":{"line":19,"column":9}},"line":14}},"branchMap":{"0":{"loc":{"start":{"line":15,"column":12},"end":{"line":17,"column":13}},"type":"if","locations":[{"start":{"line":15,"column":12},"end":{"line":17,"column":13}},{"start":{},"end":{}}],"line":15},"1":{"loc":{"start":{"line":15,"column":16},"end":{"line":15,"column":76}},"type":"binary-expr","locations":[{"start":{"line":15,"column":16},"end":{"line":15,"column":57}},{"start":{"line":15,"column":61},"end":{"line":15,"column":76}}],"line":15}},"s":{"0":51,"1":51,"2":51,"3":51,"4":609,"5":1241,"6":1599,"7":632,"8":967,"9":609,"10":51},"f":{"0":609,"1":1241,"2":1599},"b":{"0":[632,967],"1":[1599,679]},"inputSourceMap":null,"_coverageSchema":"1a1c01bbd47fc00a2c39e90264f33305004495a9","hash":"e8ab30518b70016610d565499c45f961e3893679"}
}
