TN:
SF:__test__/all/array/state.ts
FN:57,(anonymous_0)
FN:70,(anonymous_1)
FNF:2
FNH:1
FNDA:0,(anonymous_0)
FNDA:40,(anonymous_1)
DA:1,2
DA:7,2
DA:70,2
DA:71,40
LF:4
LH:4
BRF:0
BRH:0
end_of_record
TN:
SF:__test__/all/bigint/state.ts
FN:57,(anonymous_0)
FN:70,(anonymous_1)
FNF:2
FNH:1
FNDA:0,(anonymous_0)
FNDA:40,(anonymous_1)
DA:1,2
DA:7,2
DA:70,2
DA:71,40
LF:4
LH:4
BRF:0
BRH:0
end_of_record
TN:
SF:__test__/all/boolean/state.ts
FN:57,(anonymous_0)
FN:70,(anonymous_1)
FNF:2
FNH:1
FNDA:0,(anonymous_0)
FNDA:34,(anonymous_1)
DA:1,2
DA:16,2
DA:70,2
DA:71,34
LF:4
LH:4
BRF:0
BRH:0
end_of_record
TN:
SF:__test__/all/empty-object/state.ts
FN:62,(anonymous_0)
FN:75,(anonymous_1)
FNF:2
FNH:1
FNDA:0,(anonymous_0)
FNDA:42,(anonymous_1)
DA:1,2
DA:7,2
DA:75,2
DA:76,42
LF:4
LH:4
BRF:0
BRH:0
end_of_record
TN:
SF:__test__/all/empty-string/state.ts
FN:57,(anonymous_0)
FN:70,(anonymous_1)
FNF:2
FNH:1
FNDA:0,(anonymous_0)
FNDA:36,(anonymous_1)
DA:1,2
DA:13,2
DA:70,2
DA:71,36
LF:4
LH:4
BRF:0
BRH:0
end_of_record
TN:
SF:__test__/all/false/state.ts
FN:57,(anonymous_0)
FN:70,(anonymous_1)
FNF:2
FNH:1
FNDA:0,(anonymous_0)
FNDA:40,(anonymous_1)
DA:1,2
DA:7,2
DA:70,2
DA:71,40
LF:4
LH:4
BRF:0
BRH:0
end_of_record
TN:
SF:__test__/all/function/state.ts
FN:6,(anonymous_0)
FN:70,(anonymous_1)
FNF:2
FNH:1
FNDA:0,(anonymous_0)
FNDA:34,(anonymous_1)
DA:1,2
DA:16,2
DA:70,2
DA:71,34
LF:4
LH:4
BRF:0
BRH:0
end_of_record
TN:
SF:__test__/all/model/state.ts
FN:87,(anonymous_1)
FN:100,(anonymous_2)
FNF:2
FNH:1
FNDA:0,(anonymous_1)
FNDA:42,(anonymous_2)
DA:1,2
DA:5,2
DA:13,2
DA:19,2
DA:22,2
DA:34,2
DA:100,2
DA:101,42
LF:8
LH:8
BRF:0
BRH:0
end_of_record
TN:
SF:__test__/all/null/state.ts
FN:57,(anonymous_0)
FN:70,(anonymous_1)
FNF:2
FNH:1
FNDA:0,(anonymous_0)
FNDA:40,(anonymous_1)
DA:1,2
DA:7,2
DA:70,2
DA:71,40
LF:4
LH:4
BRF:0
BRH:0
end_of_record
TN:
SF:__test__/all/number/state.ts
FN:57,(anonymous_0)
FN:70,(anonymous_1)
FNF:2
FNH:1
FNDA:0,(anonymous_0)
FNDA:40,(anonymous_1)
DA:1,2
DA:7,2
DA:70,2
DA:71,40
LF:4
LH:4
BRF:0
BRH:0
end_of_record
TN:
SF:__test__/all/object/state.ts
FN:57,(anonymous_0)
FN:70,(anonymous_1)
FNF:2
FNH:1
FNDA:0,(anonymous_0)
FNDA:40,(anonymous_1)
DA:1,2
DA:7,2
DA:70,2
DA:71,40
LF:4
LH:4
BRF:0
BRH:0
end_of_record
TN:
SF:__test__/all/string/state.ts
FN:57,(anonymous_0)
FN:70,(anonymous_1)
FNF:2
FNH:1
FNDA:0,(anonymous_0)
FNDA:32,(anonymous_1)
DA:1,2
DA:19,2
DA:70,2
DA:71,32
LF:4
LH:4
BRF:0
BRH:0
end_of_record
TN:
SF:__test__/all/symbol/state.ts
FN:57,(anonymous_0)
FN:70,(anonymous_1)
FNF:2
FNH:1
FNDA:0,(anonymous_0)
FNDA:40,(anonymous_1)
DA:1,2
DA:7,2
DA:70,2
DA:71,40
LF:4
LH:4
BRF:0
BRH:0
end_of_record
TN:
SF:__test__/all/true/state.ts
FN:57,(anonymous_0)
FN:70,(anonymous_1)
FNF:2
FNH:1
FNDA:0,(anonymous_0)
FNDA:40,(anonymous_1)
DA:1,2
DA:7,2
DA:70,2
DA:71,40
LF:4
LH:4
BRF:0
BRH:0
end_of_record
TN:
SF:__test__/all/undefined/state.ts
FN:57,(anonymous_0)
FN:70,(anonymous_1)
FNF:2
FNH:1
FNDA:0,(anonymous_0)
FNDA:40,(anonymous_1)
DA:1,2
DA:7,2
DA:70,2
DA:71,40
LF:4
LH:4
BRF:0
BRH:0
end_of_record
TN:
SF:lib/index.js
FN:5,IsFunction
FNF:1
FNH:1
FNDA:19,IsFunction
DA:2,51
DA:3,51
DA:4,51
DA:7,19
DA:14,51
LF:5
LH:5
BRF:0
BRH:0
end_of_record
TN:
SF:lib/consts/tools/case.tool.const.js
FNF:0
FNH:0
DA:2,51
DA:3,51
DA:4,51
LF:3
LH:3
BRF:0
BRH:0
end_of_record
TN:
SF:lib/decorators/index.js
FNF:0
FNH:0
DA:2,3
DA:3,3
DA:4,3
DA:5,3
LF:4
LH:4
BRF:0
BRH:0
end_of_record
TN:
SF:lib/decorators/register-in-is.decorator.js
FN:6,registerInIsDecorator
FN:7,(anonymous_1)
FNF:2
FNH:2
FNDA:8,registerInIsDecorator
FNDA:8,(anonymous_1)
DA:2,3
DA:3,3
DA:4,3
DA:5,3
DA:7,8
DA:8,8
DA:9,2
DA:12,6
DA:13,6
DA:17,3
LF:10
LH:10
BRDA:8,0,0,2
BRDA:8,0,1,6
BRF:2
BRH:2
end_of_record
TN:
SF:lib/engine/proxy-generator.engine.js
FN:5,proxyGeneratorGet
FN:6,(anonymous_1)
FN:16,proxyGeneratorApply
FN:17,(anonymous_3)
FN:25,proxyGenerator
FNF:5
FNH:5
FNDA:51,proxyGeneratorGet
FNDA:1369,(anonymous_1)
FNDA:51,proxyGeneratorApply
FNDA:19,(anonymous_3)
FNDA:51,proxyGenerator
DA:2,51
DA:3,51
DA:4,51
DA:6,51
DA:7,1369
DA:13,1369
DA:17,51
DA:18,19
DA:26,51
DA:31,51
LF:10
LH:10
BRF:0
BRH:0
end_of_record
TN:
SF:lib/engine/proxy-recursive.engine.js
FN:10,proxyRecursiveGet
FN:11,(anonymous_1)
FN:38,proxyRecursiveApply
FN:39,(anonymous_3)
FN:48,(anonymous_4)
FN:53,(anonymous_5)
FN:62,(anonymous_6)
FN:69,(anonymous_7)
FN:75,(anonymous_8)
FN:79,(anonymous_9)
FN:85,(anonymous_10)
FN:89,(anonymous_11)
FN:99,checkFlags
FN:100,(anonymous_13)
FN:101,(anonymous_14)
FN:119,proxyRecursive
FNF:16
FNH:16
FNDA:2938,proxyRecursiveGet
FNDA:1569,(anonymous_1)
FNDA:2938,proxyRecursiveApply
FNDA:1369,(anonymous_3)
FNDA:360,(anonymous_4)
FNDA:26,(anonymous_5)
FNDA:3,(anonymous_6)
FNDA:20,(anonymous_7)
FNDA:538,(anonymous_8)
FNDA:538,(anonymous_9)
FNDA:42,(anonymous_10)
FNDA:42,(anonymous_11)
FNDA:2938,checkFlags
FNDA:11752,(anonymous_13)
FNDA:4356,(anonymous_14)
FNDA:2938,proxyRecursive
DA:2,51
DA:3,51
DA:4,51
DA:5,51
DA:6,51
DA:7,51
DA:8,51
DA:9,51
DA:11,2938
DA:12,1569
DA:39,2938
DA:41,1369
DA:42,1369
DA:44,360
DA:45,360
DA:47,360
DA:48,360
DA:49,360
DA:51,360
DA:53,26
DA:54,26
DA:56,26
DA:58,20
DA:59,20
DA:62,3
DA:63,3
DA:65,3
DA:67,20
DA:69,20
DA:70,20
DA:72,20
DA:75,538
DA:76,538
DA:79,538
DA:80,538
DA:82,538
DA:85,42
DA:86,42
DA:89,42
DA:90,42
DA:92,42
DA:94,0
DA:96,1369
DA:100,11752
DA:101,4356
DA:102,0
DA:121,2938
DA:122,2938
DA:123,1284
DA:124,1284
DA:126,2938
DA:127,85
DA:128,85
DA:130,2938
DA:131,609
DA:132,609
DA:134,2938
DA:135,960
DA:136,960
DA:138,2938
DA:139,2938
DA:144,51
LF:62
LH:60
BRDA:42,0,0,360
BRDA:42,0,1,360
BRDA:42,0,2,26
BRDA:42,0,3,20
BRDA:42,0,4,3
BRDA:42,0,5,20
BRDA:42,0,6,538
BRDA:42,0,7,42
BRDA:42,0,8,0
BRDA:101,1,0,0
BRDA:101,1,1,2938
BRDA:122,2,0,1284
BRDA:122,2,1,1654
BRDA:124,3,0,1284
BRDA:124,3,1,0
BRDA:124,4,0,1284
BRDA:124,4,1,1284
BRDA:126,5,0,85
BRDA:126,5,1,2853
BRDA:130,6,0,609
BRDA:130,6,1,2329
BRDA:134,7,0,960
BRDA:134,7,1,1978
BRF:23
BRH:20
end_of_record
TN:
SF:lib/enums/tools/case.tool.enum.js
FN:5,(anonymous_0)
FNF:1
FNH:1
FNDA:51,(anonymous_0)
DA:2,51
DA:3,51
DA:5,51
DA:6,51
DA:7,51
DA:8,51
DA:9,51
DA:10,51
DA:11,51
DA:12,51
DA:13,51
LF:11
LH:11
BRDA:14,0,0,51
BRDA:14,0,1,51
BRF:2
BRH:2
end_of_record
TN:
SF:lib/methods/array.method.js
FN:35,ArrayMethod
FN:40,(anonymous_1)
FNF:2
FNH:2
FNDA:12031,ArrayMethod
FNDA:2,(anonymous_1)
DA:2,52
DA:3,52
DA:4,52
DA:36,12031
DA:37,10972
DA:38,2
DA:40,2
DA:43,0
DA:47,10970
DA:50,1059
DA:52,52
LF:11
LH:10
BRDA:36,0,0,10972
BRDA:36,0,1,1059
BRDA:37,1,0,2
BRDA:37,1,1,10970
BRDA:38,2,0,2
BRDA:38,2,1,0
BRF:6
BRH:5
end_of_record
TN:
SF:lib/methods/bigint.method.js
FN:8,BigintMethod
FNF:1
FNH:1
FNDA:194,BigintMethod
DA:2,51
DA:3,51
DA:9,194
DA:11,51
LF:4
LH:4
BRF:0
BRH:0
end_of_record
TN:
SF:lib/methods/boolean.method.js
FN:8,BooleanMethod
FNF:1
FNH:1
FNDA:213,BooleanMethod
DA:2,51
DA:3,51
DA:9,213
DA:11,51
LF:4
LH:4
BRF:0
BRH:0
end_of_record
TN:
SF:lib/methods/compare.method.js
FN:7,(anonymous_0)
FN:15,CompareMethod
FNF:2
FNH:2
FNDA:52,(anonymous_0)
FNDA:5124,CompareMethod
DA:2,52
DA:3,52
DA:4,52
DA:5,52
DA:7,52
DA:8,52
DA:17,5124
DA:18,0
DA:20,5124
DA:21,5124
DA:22,5124
DA:23,0
DA:25,5124
DA:26,0
DA:28,5124
DA:29,2
DA:31,5122
DA:32,10779
DA:34,2
DA:35,0
DA:37,2
DA:39,10777
DA:40,3746
DA:42,7031
DA:45,1376
DA:47,52
LF:26
LH:22
BRDA:9,0,0,52
BRDA:9,0,1,52
BRDA:17,1,0,0
BRDA:17,1,1,5124
BRDA:17,2,0,5124
BRDA:17,2,1,5124
BRDA:20,3,0,5124
BRDA:20,3,1,0
BRDA:20,4,0,5124
BRDA:20,4,1,5124
BRDA:21,5,0,5124
BRDA:21,5,1,0
BRDA:21,6,0,5124
BRDA:21,6,1,5124
BRDA:22,7,0,0
BRDA:22,7,1,5124
BRDA:22,8,0,5124
BRDA:22,8,1,5124
BRDA:25,9,0,0
BRDA:25,9,1,5124
BRDA:28,10,0,2
BRDA:28,10,1,5122
BRDA:28,11,0,5124
BRDA:28,11,1,2
BRDA:32,12,0,2
BRDA:32,12,1,10777
BRDA:34,13,0,0
BRDA:34,13,1,2
BRDA:39,14,0,3746
BRDA:39,14,1,7031
BRF:30
BRH:24
end_of_record
TN:
SF:lib/methods/empty-object.method.js
FN:10,EmptyObjectMethod
FNF:1
FNH:1
FNDA:106,EmptyObjectMethod
DA:2,51
DA:3,51
DA:4,51
DA:5,51
DA:11,106
DA:12,28
DA:14,78
DA:16,51
LF:8
LH:8
BRDA:11,0,0,28
BRDA:11,0,1,78
BRF:2
BRH:2
end_of_record
TN:
SF:lib/methods/empty-string.method.js
FN:10,EmptyStringMethod
FNF:1
FNH:1
FNDA:97,EmptyStringMethod
DA:2,51
DA:3,51
DA:4,51
DA:5,51
DA:11,97
DA:12,35
DA:14,62
DA:16,51
LF:8
LH:8
BRDA:11,0,0,35
BRDA:11,0,1,62
BRF:2
BRH:2
end_of_record
TN:
SF:lib/methods/empty.method.js
FN:13,EmptyMethod
FNF:1
FNH:1
FNDA:105,EmptyMethod
DA:2,51
DA:3,51
DA:4,51
DA:5,51
DA:6,51
DA:7,51
DA:8,51
DA:16,105
DA:17,4
DA:20,101
DA:21,4
DA:24,97
DA:25,2
DA:28,95
DA:29,2
DA:32,93
DA:33,8
DA:35,85
DA:37,51
LF:19
LH:19
BRDA:16,0,0,4
BRDA:16,0,1,101
BRDA:20,1,0,4
BRDA:20,1,1,97
BRDA:24,2,0,2
BRDA:24,2,1,95
BRDA:28,3,0,2
BRDA:28,3,1,93
BRDA:32,4,0,8
BRDA:32,4,1,85
BRDA:35,5,0,0
BRDA:35,5,1,85
BRDA:35,6,0,85
BRDA:35,6,1,85
BRF:14
BRH:13
end_of_record
TN:
SF:lib/methods/false.method.js
FN:8,FalseMethod
FNF:1
FNH:1
FNDA:101,FalseMethod
DA:2,51
DA:3,51
DA:9,101
DA:11,51
LF:4
LH:4
BRF:0
BRH:0
end_of_record
TN:
SF:lib/methods/falsy.method.js
FN:8,FalsyMethod
FNF:1
FNH:1
FNDA:80,FalsyMethod
DA:2,51
DA:3,51
DA:9,80
DA:11,51
LF:4
LH:4
BRF:0
BRH:0
end_of_record
TN:
SF:lib/methods/function.method.js
FN:7,FunctionMethod
FNF:1
FNH:1
FNDA:11160,FunctionMethod
DA:2,52
DA:3,52
DA:8,11160
DA:10,52
LF:4
LH:4
BRF:0
BRH:0
end_of_record
TN:
SF:lib/methods/index.js
FNF:0
FNH:0
DA:2,51
DA:3,51
DA:4,51
DA:5,51
DA:6,51
DA:7,51
DA:8,51
DA:9,51
DA:10,51
DA:11,51
DA:12,51
DA:13,51
DA:14,51
DA:15,51
DA:16,51
DA:17,51
DA:18,51
DA:19,51
DA:20,51
DA:21,51
DA:22,51
DA:23,51
DA:24,51
DA:28,51
LF:24
LH:24
BRF:0
BRH:0
end_of_record
TN:
SF:lib/methods/instanceof.method.js
FN:9,InstanceofMethod
FNF:1
FNH:1
FNDA:151,InstanceofMethod
DA:2,51
DA:3,51
DA:10,151
DA:12,51
LF:4
LH:4
BRF:0
BRH:0
end_of_record
TN:
SF:lib/methods/null-or-undefined-or-empty.method.js
FN:9,NullOrUndefinedOrEmptyMethod
FNF:1
FNH:1
FNDA:42,NullOrUndefinedOrEmptyMethod
DA:2,51
DA:3,51
DA:4,51
DA:10,42
DA:12,51
LF:5
LH:5
BRF:0
BRH:0
end_of_record
TN:
SF:lib/methods/null-or-undefined.method.js
FN:10,NullOrUndefinedMethod
FNF:1
FNH:1
FNDA:10391,NullOrUndefinedMethod
DA:2,52
DA:3,52
DA:8,52
DA:9,52
DA:11,10391
DA:13,52
LF:6
LH:6
BRDA:11,0,0,10391
BRDA:11,0,1,10387
BRF:2
BRH:2
end_of_record
TN:
SF:lib/methods/null.method.js
FN:8,NullMethod
FNF:1
FNH:1
FNDA:10553,NullMethod
DA:2,52
DA:3,52
DA:9,10553
DA:11,52
LF:4
LH:4
BRF:0
BRH:0
end_of_record
TN:
SF:lib/methods/number.method.js
FN:8,NumberMethod
FNF:1
FNH:1
FNDA:196,NumberMethod
DA:2,51
DA:3,51
DA:9,196
DA:11,51
LF:4
LH:4
BRDA:9,0,0,196
BRDA:9,0,1,31
BRF:2
BRH:2
end_of_record
TN:
SF:lib/methods/object.method.js
FN:10,ObjectMethod
FNF:1
FNH:1
FNDA:213,ObjectMethod
DA:2,51
DA:3,51
DA:4,51
DA:5,51
DA:11,213
DA:13,51
LF:6
LH:6
BRDA:11,0,0,213
BRDA:11,0,1,71
BRDA:11,0,2,63
BRF:3
BRH:3
end_of_record
TN:
SF:lib/methods/string.method.js
FN:8,StringMethod
FNF:1
FNH:1
FNDA:188,StringMethod
DA:2,51
DA:3,51
DA:9,188
DA:11,51
LF:4
LH:4
BRF:0
BRH:0
end_of_record
TN:
SF:lib/methods/symbol.method.js
FN:8,SymbolMethod
FNF:1
FNH:1
FNDA:99,SymbolMethod
DA:2,51
DA:3,51
DA:9,99
DA:11,51
LF:4
LH:4
BRF:0
BRH:0
end_of_record
TN:
SF:lib/methods/true.method.js
FN:8,TrueMethod
FNF:1
FNH:1
FNDA:101,TrueMethod
DA:2,51
DA:3,51
DA:9,101
DA:11,51
LF:4
LH:4
BRF:0
BRH:0
end_of_record
TN:
SF:lib/methods/truth.method.js
FN:9,TruthMethod
FNF:1
FNH:1
FNDA:40,TruthMethod
DA:2,51
DA:3,51
DA:4,51
DA:10,40
DA:12,51
LF:5
LH:5
BRF:0
BRH:0
end_of_record
TN:
SF:lib/methods/undefined.method.js
FN:8,UndefinedMethod
FNF:1
FNH:1
FNDA:10484,UndefinedMethod
DA:2,52
DA:3,52
DA:9,10484
DA:11,52
LF:4
LH:4
BRF:0
BRH:0
end_of_record
TN:
SF:lib/tools/find-key.tool.js
FN:6,findKey
FNF:1
FNH:1
FNDA:1371,findKey
DA:2,52
DA:3,52
DA:4,52
DA:7,1371
DA:8,5114
DA:9,1370
DA:12,1
DA:14,52
LF:8
LH:8
BRDA:8,0,0,1370
BRDA:8,0,1,3744
BRF:2
BRH:2
end_of_record
TN:
SF:lib/wrappers/index.js
FNF:0
FNH:0
DA:2,51
DA:3,51
DA:4,51
DA:5,51
DA:6,51
DA:9,51
DA:29,51
LF:7
LH:7
BRF:0
BRH:0
end_of_record
TN:
SF:lib/wrappers/after/not.wrapper.js
FN:8,(anonymous_0)
FNF:1
FNH:1
FNDA:960,(anonymous_0)
DA:2,51
DA:3,51
DA:8,51
DA:9,960
DA:11,51
LF:5
LH:5
BRF:0
BRH:0
end_of_record
TN:
SF:lib/wrappers/before/all.wrapper.js
FN:12,(anonymous_0)
FN:13,(anonymous_1)
FN:14,(anonymous_2)
FNF:3
FNH:3
FNDA:609,(anonymous_0)
FNDA:1241,(anonymous_1)
FNDA:1599,(anonymous_2)
DA:2,51
DA:3,51
DA:4,51
DA:12,51
DA:13,609
DA:14,1241
DA:15,1599
DA:16,632
DA:18,967
DA:21,609
DA:23,51
LF:11
LH:11
BRDA:15,0,0,632
BRDA:15,0,1,967
BRDA:15,1,0,1599
BRDA:15,1,1,679
BRF:4
BRH:4
end_of_record
